{"timestamp": "3/12/2026 10:03:47 AM", "event_id": 5379, "message": "Credential Manager credentials were read.\r\n\r\nSubject:\r\n\tSecurity ID:\t\tS-1-5-21-440864106-111755352-367896875-1001\r\n\tAccount Name:\t\tpauly\r\n\tAccount Domain:\t\tPAULLYDD\r\n\tLogon ID:\t\t0x140EDD\r\n\tRead Operation:\t\tEnumerate Credentials\r\n\r\nThis event occurs when a user performs a read operation on stored credentials in Credential Manager.", "host": "WINDOWS-PC", "username": "pauly", "target_user": "pauly"}
{"timestamp": "3/12/2026 10:03:47 AM", "event_id": 5379, "message": "Credential Manager credentials were read.\r\n\r\nSubject:\r\n\tSecurity ID:\t\tS-1-5-21-440864106-111755352-367896875-1001\r\n\tAccount Name:\t\tpauly\r\n\tAccount Domain:\t\tPAULLYDD\r\n\tLogon ID:\t\t0x140EDD\r\n\tRead Operation:\t\tEnumerate Credentials\r\n\r\nThis event occurs when a user performs a read operation on stored credentials in Credential Manager.", "host": "WINDOWS-PC", "username": "pauly", "target_user": "pauly"}
{"timestamp": "3/12/2026 10:03:47 AM", "event_id": 5379, "message": "Credential Manager credentials were read.\r\n\r\nSubject:\r\n\tSecurity ID:\t\tS-1-5-21-440864106-111755352-367896875-1001\r\n\tAccount Name:\t\tpauly\r\n\tAccount Domain:\t\tPAULLYDD\r\n\tLogon ID:\t\t0x140EDD\r\n\tRead Operation:\t\tEnumerate Credentials\r\n\r\nThis event occurs when a user performs a read operation on stored credentials in Credential Manager.", "host": "WINDOWS-PC", "username": "pauly", "target_user": "pauly"}
{"timestamp": "3/12/2026 10:03:47 AM", "event_id": 5379, "message": "Credential Manager credentials were read.\r\n\r\nSubject:\r\n\tSecurity ID:\t\tS-1-5-21-440864106-111755352-367896875-1001\r\n\tAccount Name:\t\tpauly\r\n\tAccount Domain:\t\tPAULLYDD\r\n\tLogon ID:\t\t0x140EDD\r\n\tRead Operation:\t\tEnumerate Credentials\r\n\r\nThis event occurs when a user performs a read operation on stored credentials in Credential Manager.", "host": "WINDOWS-PC", "username": "pauly", "target_user": "pauly"}
{"timestamp": "3/12/2026 10:03:47 AM", "event_id": 5379, "message": "Credential Manager credentials were read.\r\n\r\nSubject:\r\n\tSecurity ID:\t\tS-1-5-21-440864106-111755352-367896875-1001\r\n\tAccount Name:\t\tpauly\r\n\tAccount Domain:\t\tPAULLYDD\r\n\tLogon ID:\t\t0x140EDD\r\n\tRead Operation:\t\tEnumerate Credentials\r\n\r\nThis event occurs when a user performs a read operation on stored credentials in Credential Manager.", "host": "WINDOWS-PC", "username": "pauly", "target_user": "pauly"}
{"timestamp": "3/12/2026 10:03:47 AM", "event_id": 5379, "message": "Credential Manager credentials were read.\r\n\r\nSubject:\r\n\tSecurity ID:\t\tS-1-5-21-440864106-111755352-367896875-1001\r\n\tAccount Name:\t\tpauly\r\n\tAccount Domain:\t\tPAULLYDD\r\n\tLogon ID:\t\t0x140EDD\r\n\tRead Operation:\t\tEnumerate Credentials\r\n\r\nThis event occurs when a user performs a read operation on stored credentials in Credential Manager.", "host": "WINDOWS-PC", "username": "pauly", "target_user": "pauly"}
{"timestamp": "3/12/2026 10:03:47 AM", "event_id": 5379, "message": "Credential Manager credentials were read.\r\n\r\nSubject:\r\n\tSecurity ID:\t\tS-1-5-21-440864106-111755352-367896875-1001\r\n\tAccount Name:\t\tpauly\r\n\tAccount Domain:\t\tPAULLYDD\r\n\tLogon ID:\t\t0x140EDD\r\n\tRead Operation:\t\tEnumerate Credentials\r\n\r\nThis event occurs when a user performs a read operation on stored credentials in Credential Manager.", "host": "WINDOWS-PC", "username": "pauly", "target_user": "pauly"}
{"timestamp": "3/12/2026 10:03:47 AM", "event_id": 5379, "message": "Credential Manager credentials were read.\r\n\r\nSubject:\r\n\tSecurity ID:\t\tS-1-5-21-440864106-111755352-367896875-1001\r\n\tAccount Name:\t\tpauly\r\n\tAccount Domain:\t\tPAULLYDD\r\n\tLogon ID:\t\t0x140EDD\r\n\tRead Operation:\t\tEnumerate Credentials\r\n\r\nThis event occurs when a user performs a read operation on stored credentials in Credential Manager.", "host": "WINDOWS-PC", "username": "pauly", "target_user": "pauly"}
{"timestamp": "3/12/2026 10:03:47 AM", "event_id": 5379, "message": "Credential Manager credentials were read.\r\n\r\nSubject:\r\n\tSecurity ID:\t\tS-1-5-21-440864106-111755352-367896875-1001\r\n\tAccount Name:\t\tpauly\r\n\tAccount Domain:\t\tPAULLYDD\r\n\tLogon ID:\t\t0x140EDD\r\n\tRead Operation:\t\tEnumerate Credentials\r\n\r\nThis event occurs when a user performs a read operation on stored credentials in Credential Manager.", "host": "WINDOWS-PC", "username": "pauly", "target_user": "pauly"}
{"timestamp": "3/12/2026 10:03:47 AM", "event_id": 5379, "message": "Credential Manager credentials were read.\r\n\r\nSubject:\r\n\tSecurity ID:\t\tS-1-5-21-440864106-111755352-367896875-1001\r\n\tAccount Name:\t\tpauly\r\n\tAccount Domain:\t\tPAULLYDD\r\n\tLogon ID:\t\t0x140EDD\r\n\tRead Operation:\t\tEnumerate Credentials\r\n\r\nThis event occurs when a user performs a read operation on stored credentials in Credential Manager.", "host": "WINDOWS-PC", "username": "pauly", "target_user": "pauly"}
{"timestamp": "3/12/2026 10:03:47 AM", "event_id": 5379, "message": "Credential Manager credentials were read.\r\n\r\nSubject:\r\n\tSecurity ID:\t\tS-1-5-21-440864106-111755352-367896875-1001\r\n\tAccount Name:\t\tpauly\r\n\tAccount Domain:\t\tPAULLYDD\r\n\tLogon ID:\t\t0x140EDD\r\n\tRead Operation:\t\tEnumerate Credentials\r\n\r\nThis event occurs when a user performs a read operation on stored credentials in Credential Manager.", "host": "WINDOWS-PC", "username": "pauly", "target_user": "pauly"}
{"timestamp": "3/12/2026 10:03:47 AM", "event_id": 5379, "message": "Credential Manager credentials were read.\r\n\r\nSubject:\r\n\tSecurity ID:\t\tS-1-5-21-440864106-111755352-367896875-1001\r\n\tAccount Name:\t\tpauly\r\n\tAccount Domain:\t\tPAULLYDD\r\n\tLogon ID:\t\t0x140EDD\r\n\tRead Operation:\t\tEnumerate Credentials\r\n\r\nThis event occurs when a user performs a read operation on stored credentials in Credential Manager.", "host": "WINDOWS-PC", "username": "pauly", "target_user": "pauly"}
{"timestamp": "3/12/2026 10:03:47 AM", "event_id": 5379, "message": "Credential Manager credentials were read.\r\n\r\nSubject:\r\n\tSecurity ID:\t\tS-1-5-21-440864106-111755352-367896875-1001\r\n\tAccount Name:\t\tpauly\r\n\tAccount Domain:\t\tPAULLYDD\r\n\tLogon ID:\t\t0x140EDD\r\n\tRead Operation:\t\tEnumerate Credentials\r\n\r\nThis event occurs when a user performs a read operation on stored credentials in Credential Manager.", "host": "WINDOWS-PC", "username": "pauly", "target_user": "pauly"}
{"timestamp": "3/12/2026 10:03:47 AM", "event_id": 5379, "message": "Credential Manager credentials were read.\r\n\r\nSubject:\r\n\tSecurity ID:\t\tS-1-5-21-440864106-111755352-367896875-1001\r\n\tAccount Name:\t\tpauly\r\n\tAccount Domain:\t\tPAULLYDD\r\n\tLogon ID:\t\t0x140EDD\r\n\tRead Operation:\t\tEnumerate Credentials\r\n\r\nThis event occurs when a user performs a read operation on stored credentials in Credential Manager.", "host": "WINDOWS-PC", "username": "pauly", "target_user": "pauly"}
{"timestamp": "3/12/2026 10:03:47 AM", "event_id": 5379, "message": "Credential Manager credentials were read.\r\n\r\nSubject:\r\n\tSecurity ID:\t\tS-1-5-21-440864106-111755352-367896875-1001\r\n\tAccount Name:\t\tpauly\r\n\tAccount Domain:\t\tPAULLYDD\r\n\tLogon ID:\t\t0x140EDD\r\n\tRead Operation:\t\tEnumerate Credentials\r\n\r\nThis event occurs when a user performs a read operation on stored credentials in Credential Manager.", "host": "WINDOWS-PC", "username": "pauly", "target_user": "pauly"}
{"timestamp": "3/12/2026 10:03:47 AM", "event_id": 5379, "message": "Credential Manager credentials were read.\r\n\r\nSubject:\r\n\tSecurity ID:\t\tS-1-5-21-440864106-111755352-367896875-1001\r\n\tAccount Name:\t\tpauly\r\n\tAccount Domain:\t\tPAULLYDD\r\n\tLogon ID:\t\t0x140EDD\r\n\tRead Operation:\t\tEnumerate Credentials\r\n\r\nThis event occurs when a user performs a read operation on stored credentials in Credential Manager.", "host": "WINDOWS-PC", "username": "pauly", "target_user": "pauly"}
{"timestamp": "3/12/2026 10:03:47 AM", "event_id": 5379, "message": "Credential Manager credentials were read.\r\n\r\nSubject:\r\n\tSecurity ID:\t\tS-1-5-21-440864106-111755352-367896875-1001\r\n\tAccount Name:\t\tpauly\r\n\tAccount Domain:\t\tPAULLYDD\r\n\tLogon ID:\t\t0x140EDD\r\n\tRead Operation:\t\tEnumerate Credentials\r\n\r\nThis event occurs when a user performs a read operation on stored credentials in Credential Manager.", "host": "WINDOWS-PC", "username": "pauly", "target_user": "pauly"}
{"timestamp": "3/12/2026 10:03:47 AM", "event_id": 5379, "message": "Credential Manager credentials were read.\r\n\r\nSubject:\r\n\tSecurity ID:\t\tS-1-5-21-440864106-111755352-367896875-1001\r\n\tAccount Name:\t\tpauly\r\n\tAccount Domain:\t\tPAULLYDD\r\n\tLogon ID:\t\t0x140EDD\r\n\tRead Operation:\t\tEnumerate Credentials\r\n\r\nThis event occurs when a user performs a read operation on stored credentials in Credential Manager.", "host": "WINDOWS-PC", "username": "pauly", "target_user": "pauly"}
{"timestamp": "3/12/2026 10:03:47 AM", "event_id": 5379, "message": "Credential Manager credentials were read.\r\n\r\nSubject:\r\n\tSecurity ID:\t\tS-1-5-21-440864106-111755352-367896875-1001\r\n\tAccount Name:\t\tpauly\r\n\tAccount Domain:\t\tPAULLYDD\r\n\tLogon ID:\t\t0x140EDD\r\n\tRead Operation:\t\tEnumerate Credentials\r\n\r\nThis event occurs when a user performs a read operation on stored credentials in Credential Manager.", "host": "WINDOWS-PC", "username": "pauly", "target_user": "pauly"}
{"timestamp": "3/12/2026 10:03:47 AM", "event_id": 5379, "message": "Credential Manager credentials were read.\r\n\r\nSubject:\r\n\tSecurity ID:\t\tS-1-5-21-440864106-111755352-367896875-1001\r\n\tAccount Name:\t\tpauly\r\n\tAccount Domain:\t\tPAULLYDD\r\n\tLogon ID:\t\t0x140EDD\r\n\tRead Operation:\t\tEnumerate Credentials\r\n\r\nThis event occurs when a user performs a read operation on stored credentials in Credential Manager.", "host": "WINDOWS-PC", "username": "pauly", "target_user": "pauly"}
{"timestamp": "3/12/2026 10:03:47 AM", "event_id": 5379, "message": "Credential Manager credentials were read.\r\n\r\nSubject:\r\n\tSecurity ID:\t\tS-1-5-21-440864106-111755352-367896875-1001\r\n\tAccount Name:\t\tpauly\r\n\tAccount Domain:\t\tPAULLYDD\r\n\tLogon ID:\t\t0x140EDD\r\n\tRead Operation:\t\tEnumerate Credentials\r\n\r\nThis event occurs when a user performs a read operation on stored credentials in Credential Manager.", "host": "WINDOWS-PC", "username": "pauly", "target_user": "pauly"}
{"timestamp": "3/12/2026 10:03:47 AM", "event_id": 5379, "message": "Credential Manager credentials were read.\r\n\r\nSubject:\r\n\tSecurity ID:\t\tS-1-5-21-440864106-111755352-367896875-1001\r\n\tAccount Name:\t\tpauly\r\n\tAccount Domain:\t\tPAULLYDD\r\n\tLogon ID:\t\t0x140EDD\r\n\tRead Operation:\t\tEnumerate Credentials\r\n\r\nThis event occurs when a user performs a read operation on stored credentials in Credential Manager.", "host": "WINDOWS-PC", "username": "pauly", "target_user": "pauly"}
{"timestamp": "3/12/2026 10:03:47 AM", "event_id": 5379, "message": "Credential Manager credentials were read.\r\n\r\nSubject:\r\n\tSecurity ID:\t\tS-1-5-21-440864106-111755352-367896875-1001\r\n\tAccount Name:\t\tpauly\r\n\tAccount Domain:\t\tPAULLYDD\r\n\tLogon ID:\t\t0x140EDD\r\n\tRead Operation:\t\tEnumerate Credentials\r\n\r\nThis event occurs when a user performs a read operation on stored credentials in Credential Manager.", "host": "WINDOWS-PC", "username": "pauly", "target_user": "pauly"}
{"timestamp": "3/12/2026 10:03:47 AM", "event_id": 5379, "message": "Credential Manager credentials were read.\r\n\r\nSubject:\r\n\tSecurity ID:\t\tS-1-5-21-440864106-111755352-367896875-1001\r\n\tAccount Name:\t\tpauly\r\n\tAccount Domain:\t\tPAULLYDD\r\n\tLogon ID:\t\t0x140EDD\r\n\tRead Operation:\t\tEnumerate Credentials\r\n\r\nThis event occurs when a user performs a read operation on stored credentials in Credential Manager.", "host": "WINDOWS-PC", "username": "pauly", "target_user": "pauly"}
{"timestamp": "3/12/2026 10:03:47 AM", "event_id": 5379, "message": "Credential Manager credentials were read.\r\n\r\nSubject:\r\n\tSecurity ID:\t\tS-1-5-21-440864106-111755352-367896875-1001\r\n\tAccount Name:\t\tpauly\r\n\tAccount Domain:\t\tPAULLYDD\r\n\tLogon ID:\t\t0x140EDD\r\n\tRead Operation:\t\tEnumerate Credentials\r\n\r\nThis event occurs when a user performs a read operation on stored credentials in Credential Manager.", "host": "WINDOWS-PC", "username": "pauly", "target_user": "pauly"}
{"timestamp": "3/12/2026 10:03:47 AM", "event_id": 5379, "message": "Credential Manager credentials were read.\r\n\r\nSubject:\r\n\tSecurity ID:\t\tS-1-5-21-440864106-111755352-367896875-1001\r\n\tAccount Name:\t\tpauly\r\n\tAccount Domain:\t\tPAULLYDD\r\n\tLogon ID:\t\t0x140EDD\r\n\tRead Operation:\t\tEnumerate Credentials\r\n\r\nThis event occurs when a user performs a read operation on stored credentials in Credential Manager.", "host": "WINDOWS-PC", "username": "pauly", "target_user": "pauly"}
{"timestamp": "3/12/2026 10:03:47 AM", "event_id": 5379, "message": "Credential Manager credentials were read.\r\n\r\nSubject:\r\n\tSecurity ID:\t\tS-1-5-21-440864106-111755352-367896875-1001\r\n\tAccount Name:\t\tpauly\r\n\tAccount Domain:\t\tPAULLYDD\r\n\tLogon ID:\t\t0x140EDD\r\n\tRead Operation:\t\tEnumerate Credentials\r\n\r\nThis event occurs when a user performs a read operation on stored credentials in Credential Manager.", "host": "WINDOWS-PC", "username": "pauly", "target_user": "pauly"}
{"timestamp": "3/12/2026 10:03:46 AM", "event_id": 5379, "message": "Credential Manager credentials were read.\r\n\r\nSubject:\r\n\tSecurity ID:\t\tS-1-5-21-440864106-111755352-367896875-1001\r\n\tAccount Name:\t\tpauly\r\n\tAccount Domain:\t\tPAULLYDD\r\n\tLogon ID:\t\t0x140EDD\r\n\tRead Operation:\t\tEnumerate Credentials\r\n\r\nThis event occurs when a user performs a read operation on stored credentials in Credential Manager.", "host": "WINDOWS-PC", "username": "pauly", "target_user": "pauly"}
{"timestamp": "3/12/2026 10:03:46 AM", "event_id": 5379, "message": "Credential Manager credentials were read.\r\n\r\nSubject:\r\n\tSecurity ID:\t\tS-1-5-21-440864106-111755352-367896875-1001\r\n\tAccount Name:\t\tpauly\r\n\tAccount Domain:\t\tPAULLYDD\r\n\tLogon ID:\t\t0x140EDD\r\n\tRead Operation:\t\tEnumerate Credentials\r\n\r\nThis event occurs when a user performs a read operation on stored credentials in Credential Manager.", "host": "WINDOWS-PC", "username": "pauly", "target_user": "pauly"}
{"timestamp": "3/12/2026 10:03:46 AM", "event_id": 5379, "message": "Credential Manager credentials were read.\r\n\r\nSubject:\r\n\tSecurity ID:\t\tS-1-5-21-440864106-111755352-367896875-1001\r\n\tAccount Name:\t\tpauly\r\n\tAccount Domain:\t\tPAULLYDD\r\n\tLogon ID:\t\t0x140EDD\r\n\tRead Operation:\t\tEnumerate Credentials\r\n\r\nThis event occurs when a user performs a read operation on stored credentials in Credential Manager.", "host": "WINDOWS-PC", "username": "pauly", "target_user": "pauly"}
{"timestamp": "3/12/2026 10:03:46 AM", "event_id": 5379, "message": "Credential Manager credentials were read.\r\n\r\nSubject:\r\n\tSecurity ID:\t\tS-1-5-21-440864106-111755352-367896875-1001\r\n\tAccount Name:\t\tpauly\r\n\tAccount Domain:\t\tPAULLYDD\r\n\tLogon ID:\t\t0x140EDD\r\n\tRead Operation:\t\tEnumerate Credentials\r\n\r\nThis event occurs when a user performs a read operation on stored credentials in Credential Manager.", "host": "WINDOWS-PC", "username": "pauly", "target_user": "pauly"}
{"timestamp": "3/12/2026 10:03:46 AM", "event_id": 5379, "message": "Credential Manager credentials were read.\r\n\r\nSubject:\r\n\tSecurity ID:\t\tS-1-5-21-440864106-111755352-367896875-1001\r\n\tAccount Name:\t\tpauly\r\n\tAccount Domain:\t\tPAULLYDD\r\n\tLogon ID:\t\t0x140EDD\r\n\tRead Operation:\t\tEnumerate Credentials\r\n\r\nThis event occurs when a user performs a read operation on stored credentials in Credential Manager.", "host": "WINDOWS-PC", "username": "pauly", "target_user": "pauly"}
{"timestamp": "3/12/2026 10:03:46 AM", "event_id": 5379, "message": "Credential Manager credentials were read.\r\n\r\nSubject:\r\n\tSecurity ID:\t\tS-1-5-21-440864106-111755352-367896875-1001\r\n\tAccount Name:\t\tpauly\r\n\tAccount Domain:\t\tPAULLYDD\r\n\tLogon ID:\t\t0x140EDD\r\n\tRead Operation:\t\tEnumerate Credentials\r\n\r\nThis event occurs when a user performs a read operation on stored credentials in Credential Manager.", "host": "WINDOWS-PC", "username": "pauly", "target_user": "pauly"}
{"timestamp": "3/12/2026 10:03:46 AM", "event_id": 5379, "message": "Credential Manager credentials were read.\r\n\r\nSubject:\r\n\tSecurity ID:\t\tS-1-5-21-440864106-111755352-367896875-1001\r\n\tAccount Name:\t\tpauly\r\n\tAccount Domain:\t\tPAULLYDD\r\n\tLogon ID:\t\t0x140EDD\r\n\tRead Operation:\t\tEnumerate Credentials\r\n\r\nThis event occurs when a user performs a read operation on stored credentials in Credential Manager.", "host": "WINDOWS-PC", "username": "pauly", "target_user": "pauly"}
{"timestamp": "3/12/2026 10:03:46 AM", "event_id": 5379, "message": "Credential Manager credentials were read.\r\n\r\nSubject:\r\n\tSecurity ID:\t\tS-1-5-21-440864106-111755352-367896875-1001\r\n\tAccount Name:\t\tpauly\r\n\tAccount Domain:\t\tPAULLYDD\r\n\tLogon ID:\t\t0x140EDD\r\n\tRead Operation:\t\tEnumerate Credentials\r\n\r\nThis event occurs when a user performs a read operation on stored credentials in Credential Manager.", "host": "WINDOWS-PC", "username": "pauly", "target_user": "pauly"}
{"timestamp": "3/12/2026 10:03:46 AM", "event_id": 5379, "message": "Credential Manager credentials were read.\r\n\r\nSubject:\r\n\tSecurity ID:\t\tS-1-5-21-440864106-111755352-367896875-1001\r\n\tAccount Name:\t\tpauly\r\n\tAccount Domain:\t\tPAULLYDD\r\n\tLogon ID:\t\t0x140EDD\r\n\tRead Operation:\t\tEnumerate Credentials\r\n\r\nThis event occurs when a user performs a read operation on stored credentials in Credential Manager.", "host": "WINDOWS-PC", "username": "pauly", "target_user": "pauly"}
{"timestamp": "3/12/2026 10:03:46 AM", "event_id": 5379, "message": "Credential Manager credentials were read.\r\n\r\nSubject:\r\n\tSecurity ID:\t\tS-1-5-21-440864106-111755352-367896875-1001\r\n\tAccount Name:\t\tpauly\r\n\tAccount Domain:\t\tPAULLYDD\r\n\tLogon ID:\t\t0x140EDD\r\n\tRead Operation:\t\tEnumerate Credentials\r\n\r\nThis event occurs when a user performs a read operation on stored credentials in Credential Manager.", "host": "WINDOWS-PC", "username": "pauly", "target_user": "pauly"}
{"timestamp": "3/12/2026 10:03:46 AM", "event_id": 5379, "message": "Credential Manager credentials were read.\r\n\r\nSubject:\r\n\tSecurity ID:\t\tS-1-5-21-440864106-111755352-367896875-1001\r\n\tAccount Name:\t\tpauly\r\n\tAccount Domain:\t\tPAULLYDD\r\n\tLogon ID:\t\t0x140EDD\r\n\tRead Operation:\t\tEnumerate Credentials\r\n\r\nThis event occurs when a user performs a read operation on stored credentials in Credential Manager.", "host": "WINDOWS-PC", "username": "pauly", "target_user": "pauly"}
{"timestamp": "3/12/2026 10:03:46 AM", "event_id": 5379, "message": "Credential Manager credentials were read.\r\n\r\nSubject:\r\n\tSecurity ID:\t\tS-1-5-21-440864106-111755352-367896875-1001\r\n\tAccount Name:\t\tpauly\r\n\tAccount Domain:\t\tPAULLYDD\r\n\tLogon ID:\t\t0x140EDD\r\n\tRead Operation:\t\tEnumerate Credentials\r\n\r\nThis event occurs when a user performs a read operation on stored credentials in Credential Manager.", "host": "WINDOWS-PC", "username": "pauly", "target_user": "pauly"}
{"timestamp": "3/12/2026 10:03:46 AM", "event_id": 5379, "message": "Credential Manager credentials were read.\r\n\r\nSubject:\r\n\tSecurity ID:\t\tS-1-5-21-440864106-111755352-367896875-1001\r\n\tAccount Name:\t\tpauly\r\n\tAccount Domain:\t\tPAULLYDD\r\n\tLogon ID:\t\t0x140EDD\r\n\tRead Operation:\t\tEnumerate Credentials\r\n\r\nThis event occurs when a user performs a read operation on stored credentials in Credential Manager.", "host": "WINDOWS-PC", "username": "pauly", "target_user": "pauly"}
{"timestamp": "3/12/2026 10:03:46 AM", "event_id": 5379, "message": "Credential Manager credentials were read.\r\n\r\nSubject:\r\n\tSecurity ID:\t\tS-1-5-21-440864106-111755352-367896875-1001\r\n\tAccount Name:\t\tpauly\r\n\tAccount Domain:\t\tPAULLYDD\r\n\tLogon ID:\t\t0x140EDD\r\n\tRead Operation:\t\tEnumerate Credentials\r\n\r\nThis event occurs when a user performs a read operation on stored credentials in Credential Manager.", "host": "WINDOWS-PC", "username": "pauly", "target_user": "pauly"}
{"timestamp": "3/12/2026 10:03:46 AM", "event_id": 5379, "message": "Credential Manager credentials were read.\r\n\r\nSubject:\r\n\tSecurity ID:\t\tS-1-5-21-440864106-111755352-367896875-1001\r\n\tAccount Name:\t\tpauly\r\n\tAccount Domain:\t\tPAULLYDD\r\n\tLogon ID:\t\t0x140EDD\r\n\tRead Operation:\t\tRead Credential\r\n\r\nThis event occurs when a user performs a read operation on stored credentials in Credential Manager.", "host": "WINDOWS-PC", "username": "pauly", "target_user": "pauly"}
{"timestamp": "3/12/2026 10:03:46 AM", "event_id": 5379, "message": "Credential Manager credentials were read.\r\n\r\nSubject:\r\n\tSecurity ID:\t\tS-1-5-21-440864106-111755352-367896875-1001\r\n\tAccount Name:\t\tpauly\r\n\tAccount Domain:\t\tPAULLYDD\r\n\tLogon ID:\t\t0x140EDD\r\n\tRead Operation:\t\tEnumerate Credentials\r\n\r\nThis event occurs when a user performs a read operation on stored credentials in Credential Manager.", "host": "WINDOWS-PC", "username": "pauly", "target_user": "pauly"}
{"timestamp": "3/12/2026 10:03:46 AM", "event_id": 5379, "message": "Credential Manager credentials were read.\r\n\r\nSubject:\r\n\tSecurity ID:\t\tS-1-5-21-440864106-111755352-367896875-1001\r\n\tAccount Name:\t\tpauly\r\n\tAccount Domain:\t\tPAULLYDD\r\n\tLogon ID:\t\t0x140EDD\r\n\tRead Operation:\t\tEnumerate Credentials\r\n\r\nThis event occurs when a user performs a read operation on stored credentials in Credential Manager.", "host": "WINDOWS-PC", "username": "pauly", "target_user": "pauly"}
{"timestamp": "3/12/2026 10:03:46 AM", "event_id": 5379, "message": "Credential Manager credentials were read.\r\n\r\nSubject:\r\n\tSecurity ID:\t\tS-1-5-21-440864106-111755352-367896875-1001\r\n\tAccount Name:\t\tpauly\r\n\tAccount Domain:\t\tPAULLYDD\r\n\tLogon ID:\t\t0x140EDD\r\n\tRead Operation:\t\tEnumerate Credentials\r\n\r\nThis event occurs when a user performs a read operation on stored credentials in Credential Manager.", "host": "WINDOWS-PC", "username": "pauly", "target_user": "pauly"}
{"timestamp": "3/12/2026 10:03:46 AM", "event_id": 5379, "message": "Credential Manager credentials were read.\r\n\r\nSubject:\r\n\tSecurity ID:\t\tS-1-5-21-440864106-111755352-367896875-1001\r\n\tAccount Name:\t\tpauly\r\n\tAccount Domain:\t\tPAULLYDD\r\n\tLogon ID:\t\t0x140EDD\r\n\tRead Operation:\t\tEnumerate Credentials\r\n\r\nThis event occurs when a user performs a read operation on stored credentials in Credential Manager.", "host": "WINDOWS-PC", "username": "pauly", "target_user": "pauly"}
{"timestamp": "3/12/2026 10:03:46 AM", "event_id": 5379, "message": "Credential Manager credentials were read.\r\n\r\nSubject:\r\n\tSecurity ID:\t\tS-1-5-21-440864106-111755352-367896875-1001\r\n\tAccount Name:\t\tpauly\r\n\tAccount Domain:\t\tPAULLYDD\r\n\tLogon ID:\t\t0x140EDD\r\n\tRead Operation:\t\tEnumerate Credentials\r\n\r\nThis event occurs when a user performs a read operation on stored credentials in Credential Manager.", "host": "WINDOWS-PC", "username": "pauly", "target_user": "pauly"}
{"timestamp": "3/12/2026 10:03:46 AM", "event_id": 5379, "message": "Credential Manager credentials were read.\r\n\r\nSubject:\r\n\tSecurity ID:\t\tS-1-5-21-440864106-111755352-367896875-1001\r\n\tAccount Name:\t\tpauly\r\n\tAccount Domain:\t\tPAULLYDD\r\n\tLogon ID:\t\t0x140EDD\r\n\tRead Operation:\t\tEnumerate Credentials\r\n\r\nThis event occurs when a user performs a read operation on stored credentials in Credential Manager.", "host": "WINDOWS-PC", "username": "pauly", "target_user": "pauly"}
{"timestamp": "3/12/2026 10:03:46 AM", "event_id": 5379, "message": "Credential Manager credentials were read.\r\n\r\nSubject:\r\n\tSecurity ID:\t\tS-1-5-21-440864106-111755352-367896875-1001\r\n\tAccount Name:\t\tpauly\r\n\tAccount Domain:\t\tPAULLYDD\r\n\tLogon ID:\t\t0x140EDD\r\n\tRead Operation:\t\tEnumerate Credentials\r\n\r\nThis event occurs when a user performs a read operation on stored credentials in Credential Manager.", "host": "WINDOWS-PC", "username": "pauly", "target_user": "pauly"}
{"timestamp": "3/12/2026 10:03:46 AM", "event_id": 5379, "message": "Credential Manager credentials were read.\r\n\r\nSubject:\r\n\tSecurity ID:\t\tS-1-5-21-440864106-111755352-367896875-1001\r\n\tAccount Name:\t\tpauly\r\n\tAccount Domain:\t\tPAULLYDD\r\n\tLogon ID:\t\t0x140EDD\r\n\tRead Operation:\t\tEnumerate Credentials\r\n\r\nThis event occurs when a user performs a read operation on stored credentials in Credential Manager.", "host": "WINDOWS-PC", "username": "pauly", "target_user": "pauly"}
{"timestamp": "3/12/2026 10:03:46 AM", "event_id": 5379, "message": "Credential Manager credentials were read.\r\n\r\nSubject:\r\n\tSecurity ID:\t\tS-1-5-21-440864106-111755352-367896875-1001\r\n\tAccount Name:\t\tpauly\r\n\tAccount Domain:\t\tPAULLYDD\r\n\tLogon ID:\t\t0x140EDD\r\n\tRead Operation:\t\tEnumerate Credentials\r\n\r\nThis event occurs when a user performs a read operation on stored credentials in Credential Manager.", "host": "WINDOWS-PC", "username": "pauly", "target_user": "pauly"}
{"timestamp": "3/12/2026 10:03:46 AM", "event_id": 5379, "message": "Credential Manager credentials were read.\r\n\r\nSubject:\r\n\tSecurity ID:\t\tS-1-5-21-440864106-111755352-367896875-1001\r\n\tAccount Name:\t\tpauly\r\n\tAccount Domain:\t\tPAULLYDD\r\n\tLogon ID:\t\t0x140EDD\r\n\tRead Operation:\t\tEnumerate Credentials\r\n\r\nThis event occurs when a user performs a read operation on stored credentials in Credential Manager.", "host": "WINDOWS-PC", "username": "pauly", "target_user": "pauly"}
{"timestamp": "3/12/2026 10:03:46 AM", "event_id": 5379, "message": "Credential Manager credentials were read.\r\n\r\nSubject:\r\n\tSecurity ID:\t\tS-1-5-21-440864106-111755352-367896875-1001\r\n\tAccount Name:\t\tpauly\r\n\tAccount Domain:\t\tPAULLYDD\r\n\tLogon ID:\t\t0x140EDD\r\n\tRead Operation:\t\tEnumerate Credentials\r\n\r\nThis event occurs when a user performs a read operation on stored credentials in Credential Manager.", "host": "WINDOWS-PC", "username": "pauly", "target_user": "pauly"}
{"timestamp": "3/12/2026 10:03:46 AM", "event_id": 5379, "message": "Credential Manager credentials were read.\r\n\r\nSubject:\r\n\tSecurity ID:\t\tS-1-5-21-440864106-111755352-367896875-1001\r\n\tAccount Name:\t\tpauly\r\n\tAccount Domain:\t\tPAULLYDD\r\n\tLogon ID:\t\t0x140EDD\r\n\tRead Operation:\t\tEnumerate Credentials\r\n\r\nThis event occurs when a user performs a read operation on stored credentials in Credential Manager.", "host": "WINDOWS-PC", "username": "pauly", "target_user": "pauly"}
{"timestamp": "3/12/2026 10:03:46 AM", "event_id": 5379, "message": "Credential Manager credentials were read.\r\n\r\nSubject:\r\n\tSecurity ID:\t\tS-1-5-21-440864106-111755352-367896875-1001\r\n\tAccount Name:\t\tpauly\r\n\tAccount Domain:\t\tPAULLYDD\r\n\tLogon ID:\t\t0x140EDD\r\n\tRead Operation:\t\tEnumerate Credentials\r\n\r\nThis event occurs when a user performs a read operation on stored credentials in Credential Manager.", "host": "WINDOWS-PC", "username": "pauly", "target_user": "pauly"}
{"timestamp": "3/12/2026 10:03:46 AM", "event_id": 5379, "message": "Credential Manager credentials were read.\r\n\r\nSubject:\r\n\tSecurity ID:\t\tS-1-5-21-440864106-111755352-367896875-1001\r\n\tAccount Name:\t\tpauly\r\n\tAccount Domain:\t\tPAULLYDD\r\n\tLogon ID:\t\t0x140EDD\r\n\tRead Operation:\t\tEnumerate Credentials\r\n\r\nThis event occurs when a user performs a read operation on stored credentials in Credential Manager.", "host": "WINDOWS-PC", "username": "pauly", "target_user": "pauly"}
{"timestamp": "3/12/2026 10:03:46 AM", "event_id": 5379, "message": "Credential Manager credentials were read.\r\n\r\nSubject:\r\n\tSecurity ID:\t\tS-1-5-21-440864106-111755352-367896875-1001\r\n\tAccount Name:\t\tpauly\r\n\tAccount Domain:\t\tPAULLYDD\r\n\tLogon ID:\t\t0x140EDD\r\n\tRead Operation:\t\tEnumerate Credentials\r\n\r\nThis event occurs when a user performs a read operation on stored credentials in Credential Manager.", "host": "WINDOWS-PC", "username": "pauly", "target_user": "pauly"}
{"timestamp": "3/12/2026 10:03:46 AM", "event_id": 5382, "message": "Vault credentials were read.\r\n\r\nSubject:\r\n\tSecurity ID:\t\tS-1-5-18\r\n\tAccount Name:\t\tPAULLYDD$\r\n\tAccount Domain:\t\tWORKGROUP\r\n\tLogon ID:\t\t0x3E7\r\n\r\nThis event occurs when a user reads a stored vault credential.", "host": "WINDOWS-PC", "username": "PAULLYDD$", "target_user": "PAULLYDD$"}
{"timestamp": "3/12/2026 10:03:46 AM", "event_id": 5382, "message": "Vault credentials were read.\r\n\r\nSubject:\r\n\tSecurity ID:\t\tS-1-5-18\r\n\tAccount Name:\t\tPAULLYDD$\r\n\tAccount Domain:\t\tWORKGROUP\r\n\tLogon ID:\t\t0x3E7\r\n\r\nThis event occurs when a user reads a stored vault credential.", "host": "WINDOWS-PC", "username": "PAULLYDD$", "target_user": "PAULLYDD$"}
{"timestamp": "3/12/2026 10:03:46 AM", "event_id": 4798, "message": "A user's local group membership was enumerated.\r\n\r\nSubject:\r\n\tSecurity ID:\t\tS-1-5-18\r\n\tAccount Name:\t\tPAULLYDD$\r\n\tAccount Domain:\t\tWORKGROUP\r\n\tLogon ID:\t\t0x3E7\r\n\r\nUser:\r\n\tSecurity ID:\t\tS-1-5-21-440864106-111755352-367896875-1001\r\n\tAccount Name:\t\tpauly\r\n\tAccount Domain:\t\tPAULLYDD\r\n\r\nProcess Information:\r\n\tProcess ID:\t\t0x45d0\r\n\tProcess Name:\t\tC:\\Windows\\System32\\DeviceCensus.exe", "host": "WINDOWS-PC", "username": "PAULLYDD$", "target_user": "PAULLYDD$"}
{"timestamp": "3/12/2026 10:03:45 AM", "event_id": 5382, "message": "Vault credentials were read.\r\n\r\nSubject:\r\n\tSecurity ID:\t\tS-1-5-18\r\n\tAccount Name:\t\tPAULLYDD$\r\n\tAccount Domain:\t\tWORKGROUP\r\n\tLogon ID:\t\t0x3E7\r\n\r\nThis event occurs when a user reads a stored vault credential.", "host": "WINDOWS-PC", "username": "PAULLYDD$", "target_user": "PAULLYDD$"}
{"timestamp": "3/12/2026 10:03:45 AM", "event_id": 5382, "message": "Vault credentials were read.\r\n\r\nSubject:\r\n\tSecurity ID:\t\tS-1-5-18\r\n\tAccount Name:\t\tPAULLYDD$\r\n\tAccount Domain:\t\tWORKGROUP\r\n\tLogon ID:\t\t0x3E7\r\n\r\nThis event occurs when a user reads a stored vault credential.", "host": "WINDOWS-PC", "username": "PAULLYDD$", "target_user": "PAULLYDD$"}
{"timestamp": "3/12/2026 10:03:45 AM", "event_id": 4672, "message": "Special privileges assigned to new logon.\r\n\r\nSubject:\r\n\tSecurity ID:\t\tS-1-5-18\r\n\tAccount Name:\t\tSYSTEM\r\n\tAccount Domain:\t\tNT AUTHORITY\r\n\tLogon ID:\t\t0x3E7\r\n\r\nPrivileges:\t\tSeAssignPrimaryTokenPrivilege\r\n\t\t\tSeTcbPrivilege\r\n\t\t\tSeSecurityPrivilege\r\n\t\t\tSeTakeOwnershipPrivilege\r\n\t\t\tSeLoadDriverPrivilege\r\n\t\t\tSeBackupPrivilege\r\n\t\t\tSeRestorePrivilege\r\n\t\t\tSeDebugPrivilege\r\n\t\t\tSeAuditPrivilege\r\n\t\t\tSeSystemEnvironmentPrivilege\r\n\t\t\tSeImpersonatePrivilege\r\n\t\t\tSeDelegateSessionUserImpersonatePrivilege", "host": "WINDOWS-PC"}
{"timestamp": "3/12/2026 10:03:45 AM", "event_id": 4624, "message": "An account was successfully logged on.\r\n\r\nSubject:\r\n\tSecurity ID:\t\tS-1-5-18\r\n\tAccount Name:\t\tPAULLYDD$\r\n\tAccount Domain:\t\tWORKGROUP\r\n\tLogon ID:\t\t0x3E7\r\n\r\nLogon Information:\r\n\tLogon Type:\t\t5\r\n\tRestricted Admin Mode:\t-\r\n\tRemote Credential Guard:\t-\r\n\tVirtual Account:\t\tNo\r\n\tElevated Token:\t\tYes\r\n\r\nImpersonation Level:\t\tImpersonation\r\n\r\nNew Logon:\r\n\tSecurity ID:\t\tS-1-5-18\r\n\tAccount Name:\t\tSYSTEM\r\n\tAccount Domain:\t\tNT AUTHORITY\r\n\tLogon ID:\t\t0x3E7\r\n\tLinked Logon ID:\t\t0x0\r\n\tNetwork Account Name:\t-\r\n\tNetwork Account Domain:\t-\r\n\tLogon GUID:\t\t{00000000-0000-0000-0000-000000000000}\r\n\r\nProcess Information:\r\n\tProcess ID:\t\t0x5e0\r\n\tProcess Name:\t\tC:\\Windows\\System32\\services.exe\r\n\r\nNetwork Information:\r\n\tWorkstation Name:\t-\r\n\tSource Network Address:\t-\r\n\tSource Port:\t\t-\r\n\r\nDetailed Authentication Information:\r\n\tLogon Process:\t\tAdvapi  \r\n\tAuthentication Package:\tNegotiate\r\n\tTransited Services:\t-\r\n\tPackage Name (NTLM only):\t-\r\n\tKey Length:\t\t0\r\n\r\nThis event is generated when a logon session is created. It is generated on the computer that was accessed.\r\n\r\nThe subject fields indicate the account on the local system which requested the logon. This is most commonly a service such as the Server service, or a local process such as Winlogon.exe or Services.exe.\r\n\r\nThe logon type field indicates the kind of logon that occurred. The most common types are 2 (interactive) and 3 (network).\r\n\r\nThe New Logon fields indicate the account for whom the new logon was created, i.e. the account that was logged on.\r\n\r\nThe network fields indicate where a remote logon request originated. Workstation name is not always available and may be left blank in some cases.\r\n\r\nThe impersonation level field indicates the extent to which a process in the logon session can impersonate.\r\n\r\nThe authentication information fields provide detailed information about this specific logon request.\r\n\t- Logon GUID is a unique identifier that can be used to correlate this event with a KDC event.\r\n\t- Transited services indicate which intermediate services have participated in this logon request.\r\n\t- Package name indicates which sub-protocol was used among the NTLM protocols.\r\n\t- Key length indicates the length of the generated session key. This will be 0 if no session key was requested.", "host": "WINDOWS-PC", "username": "PAULLYDD$", "target_user": "PAULLYDD$"}
{"timestamp": "3/12/2026 10:03:45 AM", "event_id": 5379, "message": "Credential Manager credentials were read.\r\n\r\nSubject:\r\n\tSecurity ID:\t\tS-1-5-21-440864106-111755352-367896875-1001\r\n\tAccount Name:\t\tpauly\r\n\tAccount Domain:\t\tPAULLYDD\r\n\tLogon ID:\t\t0x140EDD\r\n\tRead Operation:\t\tEnumerate Credentials\r\n\r\nThis event occurs when a user performs a read operation on stored credentials in Credential Manager.", "host": "WINDOWS-PC", "username": "pauly", "target_user": "pauly"}
{"timestamp": "3/12/2026 10:03:45 AM", "event_id": 5379, "message": "Credential Manager credentials were read.\r\n\r\nSubject:\r\n\tSecurity ID:\t\tS-1-5-21-440864106-111755352-367896875-1001\r\n\tAccount Name:\t\tpauly\r\n\tAccount Domain:\t\tPAULLYDD\r\n\tLogon ID:\t\t0x140EDD\r\n\tRead Operation:\t\tEnumerate Credentials\r\n\r\nThis event occurs when a user performs a read operation on stored credentials in Credential Manager.", "host": "WINDOWS-PC", "username": "pauly", "target_user": "pauly"}
{"timestamp": "3/12/2026 10:03:45 AM", "event_id": 5379, "message": "Credential Manager credentials were read.\r\n\r\nSubject:\r\n\tSecurity ID:\t\tS-1-5-21-440864106-111755352-367896875-1001\r\n\tAccount Name:\t\tpauly\r\n\tAccount Domain:\t\tPAULLYDD\r\n\tLogon ID:\t\t0x140EDD\r\n\tRead Operation:\t\tEnumerate Credentials\r\n\r\nThis event occurs when a user performs a read operation on stored credentials in Credential Manager.", "host": "WINDOWS-PC", "username": "pauly", "target_user": "pauly"}
{"timestamp": "3/12/2026 10:03:45 AM", "event_id": 5379, "message": "Credential Manager credentials were read.\r\n\r\nSubject:\r\n\tSecurity ID:\t\tS-1-5-21-440864106-111755352-367896875-1001\r\n\tAccount Name:\t\tpauly\r\n\tAccount Domain:\t\tPAULLYDD\r\n\tLogon ID:\t\t0x140EDD\r\n\tRead Operation:\t\tEnumerate Credentials\r\n\r\nThis event occurs when a user performs a read operation on stored credentials in Credential Manager.", "host": "WINDOWS-PC", "username": "pauly", "target_user": "pauly"}
{"timestamp": "3/12/2026 10:03:45 AM", "event_id": 5379, "message": "Credential Manager credentials were read.\r\n\r\nSubject:\r\n\tSecurity ID:\t\tS-1-5-21-440864106-111755352-367896875-1001\r\n\tAccount Name:\t\tpauly\r\n\tAccount Domain:\t\tPAULLYDD\r\n\tLogon ID:\t\t0x140EDD\r\n\tRead Operation:\t\tEnumerate Credentials\r\n\r\nThis event occurs when a user performs a read operation on stored credentials in Credential Manager.", "host": "WINDOWS-PC", "username": "pauly", "target_user": "pauly"}
{"timestamp": "3/12/2026 10:03:18 AM", "event_id": 4799, "message": "A security-enabled local group membership was enumerated.\r\n\r\nSubject:\r\n\tSecurity ID:\t\tS-1-5-21-440864106-111755352-367896875-1001\r\n\tAccount Name:\t\tpauly\r\n\tAccount Domain:\t\tPAULLYDD\r\n\tLogon ID:\t\t0x140E7F\r\n\r\nGroup:\r\n\tSecurity ID:\t\tS-1-5-32-544\r\n\tGroup Name:\t\tAdministrators\r\n\tGroup Domain:\t\tBuiltin\r\n\r\nProcess Information:\r\n\tProcess ID:\t\t0x78e0\r\n\tProcess Name:\t\tC:\\Windows\\System32\\taskhostw.exe", "host": "WINDOWS-PC", "username": "pauly", "target_user": "pauly", "group_name": "Administrators"}
{"timestamp": "3/12/2026 10:03:08 AM", "event_id": 4672, "message": "Special privileges assigned to new logon.\r\n\r\nSubject:\r\n\tSecurity ID:\t\tS-1-5-18\r\n\tAccount Name:\t\tSYSTEM\r\n\tAccount Domain:\t\tNT AUTHORITY\r\n\tLogon ID:\t\t0x3E7\r\n\r\nPrivileges:\t\tSeAssignPrimaryTokenPrivilege\r\n\t\t\tSeTcbPrivilege\r\n\t\t\tSeSecurityPrivilege\r\n\t\t\tSeTakeOwnershipPrivilege\r\n\t\t\tSeLoadDriverPrivilege\r\n\t\t\tSeBackupPrivilege\r\n\t\t\tSeRestorePrivilege\r\n\t\t\tSeDebugPrivilege\r\n\t\t\tSeAuditPrivilege\r\n\t\t\tSeSystemEnvironmentPrivilege\r\n\t\t\tSeImpersonatePrivilege\r\n\t\t\tSeDelegateSessionUserImpersonatePrivilege", "host": "WINDOWS-PC"}
{"timestamp": "3/12/2026 10:03:08 AM", "event_id": 4624, "message": "An account was successfully logged on.\r\n\r\nSubject:\r\n\tSecurity ID:\t\tS-1-5-18\r\n\tAccount Name:\t\tPAULLYDD$\r\n\tAccount Domain:\t\tWORKGROUP\r\n\tLogon ID:\t\t0x3E7\r\n\r\nLogon Information:\r\n\tLogon Type:\t\t5\r\n\tRestricted Admin Mode:\t-\r\n\tRemote Credential Guard:\t-\r\n\tVirtual Account:\t\tNo\r\n\tElevated Token:\t\tYes\r\n\r\nImpersonation Level:\t\tImpersonation\r\n\r\nNew Logon:\r\n\tSecurity ID:\t\tS-1-5-18\r\n\tAccount Name:\t\tSYSTEM\r\n\tAccount Domain:\t\tNT AUTHORITY\r\n\tLogon ID:\t\t0x3E7\r\n\tLinked Logon ID:\t\t0x0\r\n\tNetwork Account Name:\t-\r\n\tNetwork Account Domain:\t-\r\n\tLogon GUID:\t\t{00000000-0000-0000-0000-000000000000}\r\n\r\nProcess Information:\r\n\tProcess ID:\t\t0x5e0\r\n\tProcess Name:\t\tC:\\Windows\\System32\\services.exe\r\n\r\nNetwork Information:\r\n\tWorkstation Name:\t-\r\n\tSource Network Address:\t-\r\n\tSource Port:\t\t-\r\n\r\nDetailed Authentication Information:\r\n\tLogon Process:\t\tAdvapi  \r\n\tAuthentication Package:\tNegotiate\r\n\tTransited Services:\t-\r\n\tPackage Name (NTLM only):\t-\r\n\tKey Length:\t\t0\r\n\r\nThis event is generated when a logon session is created. It is generated on the computer that was accessed.\r\n\r\nThe subject fields indicate the account on the local system which requested the logon. This is most commonly a service such as the Server service, or a local process such as Winlogon.exe or Services.exe.\r\n\r\nThe logon type field indicates the kind of logon that occurred. The most common types are 2 (interactive) and 3 (network).\r\n\r\nThe New Logon fields indicate the account for whom the new logon was created, i.e. the account that was logged on.\r\n\r\nThe network fields indicate where a remote logon request originated. Workstation name is not always available and may be left blank in some cases.\r\n\r\nThe impersonation level field indicates the extent to which a process in the logon session can impersonate.\r\n\r\nThe authentication information fields provide detailed information about this specific logon request.\r\n\t- Logon GUID is a unique identifier that can be used to correlate this event with a KDC event.\r\n\t- Transited services indicate which intermediate services have participated in this logon request.\r\n\t- Package name indicates which sub-protocol was used among the NTLM protocols.\r\n\t- Key length indicates the length of the generated session key. This will be 0 if no session key was requested.", "host": "WINDOWS-PC", "username": "PAULLYDD$", "target_user": "PAULLYDD$"}
{"timestamp": "3/12/2026 10:03:04 AM", "event_id": 4672, "message": "Special privileges assigned to new logon.\r\n\r\nSubject:\r\n\tSecurity ID:\t\tS-1-5-18\r\n\tAccount Name:\t\tSYSTEM\r\n\tAccount Domain:\t\tNT AUTHORITY\r\n\tLogon ID:\t\t0x3E7\r\n\r\nPrivileges:\t\tSeAssignPrimaryTokenPrivilege\r\n\t\t\tSeTcbPrivilege\r\n\t\t\tSeSecurityPrivilege\r\n\t\t\tSeTakeOwnershipPrivilege\r\n\t\t\tSeLoadDriverPrivilege\r\n\t\t\tSeBackupPrivilege\r\n\t\t\tSeRestorePrivilege\r\n\t\t\tSeDebugPrivilege\r\n\t\t\tSeAuditPrivilege\r\n\t\t\tSeSystemEnvironmentPrivilege\r\n\t\t\tSeImpersonatePrivilege\r\n\t\t\tSeDelegateSessionUserImpersonatePrivilege", "host": "WINDOWS-PC"}
{"timestamp": "3/12/2026 10:03:04 AM", "event_id": 4624, "message": "An account was successfully logged on.\r\n\r\nSubject:\r\n\tSecurity ID:\t\tS-1-5-18\r\n\tAccount Name:\t\tPAULLYDD$\r\n\tAccount Domain:\t\tWORKGROUP\r\n\tLogon ID:\t\t0x3E7\r\n\r\nLogon Information:\r\n\tLogon Type:\t\t5\r\n\tRestricted Admin Mode:\t-\r\n\tRemote Credential Guard:\t-\r\n\tVirtual Account:\t\tNo\r\n\tElevated Token:\t\tYes\r\n\r\nImpersonation Level:\t\tImpersonation\r\n\r\nNew Logon:\r\n\tSecurity ID:\t\tS-1-5-18\r\n\tAccount Name:\t\tSYSTEM\r\n\tAccount Domain:\t\tNT AUTHORITY\r\n\tLogon ID:\t\t0x3E7\r\n\tLinked Logon ID:\t\t0x0\r\n\tNetwork Account Name:\t-\r\n\tNetwork Account Domain:\t-\r\n\tLogon GUID:\t\t{00000000-0000-0000-0000-000000000000}\r\n\r\nProcess Information:\r\n\tProcess ID:\t\t0x5e0\r\n\tProcess Name:\t\tC:\\Windows\\System32\\services.exe\r\n\r\nNetwork Information:\r\n\tWorkstation Name:\t-\r\n\tSource Network Address:\t-\r\n\tSource Port:\t\t-\r\n\r\nDetailed Authentication Information:\r\n\tLogon Process:\t\tAdvapi  \r\n\tAuthentication Package:\tNegotiate\r\n\tTransited Services:\t-\r\n\tPackage Name (NTLM only):\t-\r\n\tKey Length:\t\t0\r\n\r\nThis event is generated when a logon session is created. It is generated on the computer that was accessed.\r\n\r\nThe subject fields indicate the account on the local system which requested the logon. This is most commonly a service such as the Server service, or a local process such as Winlogon.exe or Services.exe.\r\n\r\nThe logon type field indicates the kind of logon that occurred. The most common types are 2 (interactive) and 3 (network).\r\n\r\nThe New Logon fields indicate the account for whom the new logon was created, i.e. the account that was logged on.\r\n\r\nThe network fields indicate where a remote logon request originated. Workstation name is not always available and may be left blank in some cases.\r\n\r\nThe impersonation level field indicates the extent to which a process in the logon session can impersonate.\r\n\r\nThe authentication information fields provide detailed information about this specific logon request.\r\n\t- Logon GUID is a unique identifier that can be used to correlate this event with a KDC event.\r\n\t- Transited services indicate which intermediate services have participated in this logon request.\r\n\t- Package name indicates which sub-protocol was used among the NTLM protocols.\r\n\t- Key length indicates the length of the generated session key. This will be 0 if no session key was requested.", "host": "WINDOWS-PC", "username": "PAULLYDD$", "target_user": "PAULLYDD$"}
{"timestamp": "3/12/2026 10:03:00 AM", "event_id": 5382, "message": "Vault credentials were read.\r\n\r\nSubject:\r\n\tSecurity ID:\t\tS-1-5-21-440864106-111755352-367896875-1001\r\n\tAccount Name:\t\tpauly\r\n\tAccount Domain:\t\tPAULLYDD\r\n\tLogon ID:\t\t0x140EDD\r\n\r\nThis event occurs when a user reads a stored vault credential.", "host": "WINDOWS-PC", "username": "pauly", "target_user": "pauly"}
{"timestamp": "3/12/2026 10:03:00 AM", "event_id": 5382, "message": "Vault credentials were read.\r\n\r\nSubject:\r\n\tSecurity ID:\t\tS-1-5-21-440864106-111755352-367896875-1001\r\n\tAccount Name:\t\tpauly\r\n\tAccount Domain:\t\tPAULLYDD\r\n\tLogon ID:\t\t0x140EDD\r\n\r\nThis event occurs when a user reads a stored vault credential.", "host": "WINDOWS-PC", "username": "pauly", "target_user": "pauly"}
{"timestamp": "3/12/2026 10:03:00 AM", "event_id": 5382, "message": "Vault credentials were read.\r\n\r\nSubject:\r\n\tSecurity ID:\t\tS-1-5-21-440864106-111755352-367896875-1001\r\n\tAccount Name:\t\tpauly\r\n\tAccount Domain:\t\tPAULLYDD\r\n\tLogon ID:\t\t0x140EDD\r\n\r\nThis event occurs when a user reads a stored vault credential.", "host": "WINDOWS-PC", "username": "pauly", "target_user": "pauly"}
{"timestamp": "3/12/2026 10:03:00 AM", "event_id": 5382, "message": "Vault credentials were read.\r\n\r\nSubject:\r\n\tSecurity ID:\t\tS-1-5-21-440864106-111755352-367896875-1001\r\n\tAccount Name:\t\tpauly\r\n\tAccount Domain:\t\tPAULLYDD\r\n\tLogon ID:\t\t0x140EDD\r\n\r\nThis event occurs when a user reads a stored vault credential.", "host": "WINDOWS-PC", "username": "pauly", "target_user": "pauly"}
{"timestamp": "3/12/2026 10:02:59 AM", "event_id": 4672, "message": "Special privileges assigned to new logon.\r\n\r\nSubject:\r\n\tSecurity ID:\t\tS-1-5-18\r\n\tAccount Name:\t\tSYSTEM\r\n\tAccount Domain:\t\tNT AUTHORITY\r\n\tLogon ID:\t\t0x3E7\r\n\r\nPrivileges:\t\tSeAssignPrimaryTokenPrivilege\r\n\t\t\tSeTcbPrivilege\r\n\t\t\tSeSecurityPrivilege\r\n\t\t\tSeTakeOwnershipPrivilege\r\n\t\t\tSeLoadDriverPrivilege\r\n\t\t\tSeBackupPrivilege\r\n\t\t\tSeRestorePrivilege\r\n\t\t\tSeDebugPrivilege\r\n\t\t\tSeAuditPrivilege\r\n\t\t\tSeSystemEnvironmentPrivilege\r\n\t\t\tSeImpersonatePrivilege\r\n\t\t\tSeDelegateSessionUserImpersonatePrivilege", "host": "WINDOWS-PC"}
{"timestamp": "3/12/2026 10:02:59 AM", "event_id": 4624, "message": "An account was successfully logged on.\r\n\r\nSubject:\r\n\tSecurity ID:\t\tS-1-5-18\r\n\tAccount Name:\t\tPAULLYDD$\r\n\tAccount Domain:\t\tWORKGROUP\r\n\tLogon ID:\t\t0x3E7\r\n\r\nLogon Information:\r\n\tLogon Type:\t\t5\r\n\tRestricted Admin Mode:\t-\r\n\tRemote Credential Guard:\t-\r\n\tVirtual Account:\t\tNo\r\n\tElevated Token:\t\tYes\r\n\r\nImpersonation Level:\t\tImpersonation\r\n\r\nNew Logon:\r\n\tSecurity ID:\t\tS-1-5-18\r\n\tAccount Name:\t\tSYSTEM\r\n\tAccount Domain:\t\tNT AUTHORITY\r\n\tLogon ID:\t\t0x3E7\r\n\tLinked Logon ID:\t\t0x0\r\n\tNetwork Account Name:\t-\r\n\tNetwork Account Domain:\t-\r\n\tLogon GUID:\t\t{00000000-0000-0000-0000-000000000000}\r\n\r\nProcess Information:\r\n\tProcess ID:\t\t0x5e0\r\n\tProcess Name:\t\tC:\\Windows\\System32\\services.exe\r\n\r\nNetwork Information:\r\n\tWorkstation Name:\t-\r\n\tSource Network Address:\t-\r\n\tSource Port:\t\t-\r\n\r\nDetailed Authentication Information:\r\n\tLogon Process:\t\tAdvapi  \r\n\tAuthentication Package:\tNegotiate\r\n\tTransited Services:\t-\r\n\tPackage Name (NTLM only):\t-\r\n\tKey Length:\t\t0\r\n\r\nThis event is generated when a logon session is created. It is generated on the computer that was accessed.\r\n\r\nThe subject fields indicate the account on the local system which requested the logon. This is most commonly a service such as the Server service, or a local process such as Winlogon.exe or Services.exe.\r\n\r\nThe logon type field indicates the kind of logon that occurred. The most common types are 2 (interactive) and 3 (network).\r\n\r\nThe New Logon fields indicate the account for whom the new logon was created, i.e. the account that was logged on.\r\n\r\nThe network fields indicate where a remote logon request originated. Workstation name is not always available and may be left blank in some cases.\r\n\r\nThe impersonation level field indicates the extent to which a process in the logon session can impersonate.\r\n\r\nThe authentication information fields provide detailed information about this specific logon request.\r\n\t- Logon GUID is a unique identifier that can be used to correlate this event with a KDC event.\r\n\t- Transited services indicate which intermediate services have participated in this logon request.\r\n\t- Package name indicates which sub-protocol was used among the NTLM protocols.\r\n\t- Key length indicates the length of the generated session key. This will be 0 if no session key was requested.", "host": "WINDOWS-PC", "username": "PAULLYDD$", "target_user": "PAULLYDD$"}
{"timestamp": "3/12/2026 10:02:58 AM", "event_id": 4907, "message": "Auditing settings on object were changed.\r\n\r\nSubject:\r\n\tSecurity ID:\t\tS-1-5-18\r\n\tAccount Name:\t\tPAULLYDD$\r\n\tAccount Domain:\t\tWORKGROUP\r\n\tLogon ID:\t\t0x3E7\r\n\r\nObject:\r\n\tObject Server:\tSecurity\r\n\tObject Type:\tFile\r\n\tObject Name:\tC:\\Windows\\servicing\\Packages\\Microsoft-Windows-Client-Desktop-Required-Package0112~31bf3856ad364e35~amd64~en-US~10.0.26100.8036.mum\r\n\tHandle ID:\t0xdd44\r\n\r\nProcess Information:\r\n\tProcess ID:\t0x2030\r\n\tProcess Name:\tC:\\Windows\\WinSxS\\amd64_microsoft-windows-servicingstack_31bf3856ad364e35_10.0.26100.8035_none_a54f1c79772e807e\\TiWorker.exe\r\n\r\nAuditing Settings:\r\n\tOriginal Security Descriptor:\t\r\n\tNew Security Descriptor:\t\tS:ARAI(AU;SAFA;0x1f0116;;;WD)", "host": "WINDOWS-PC", "username": "PAULLYDD$", "target_user": "PAULLYDD$"}
