{"timestamp": "3/12/2026 10:02:53 AM", "event_id": 4907, "message": "Auditing settings on object were changed.\r\n\r\nSubject:\r\n\tSecurity ID:\t\tS-1-5-18\r\n\tAccount Name:\t\tPAULLYDD$\r\n\tAccount Domain:\t\tWORKGROUP\r\n\tLogon ID:\t\t0x3E7\r\n\r\nObject:\r\n\tObject Server:\tSecurity\r\n\tObject Type:\tFile\r\n\tObject Name:\tC:\\Windows\\servicing\\Packages\\Microsoft-Windows-MultiPoint-Connector-Package~31bf3856ad364e35~amd64~~10.0.26100.8036.mum\r\n\tHandle ID:\t0x29b08\r\n\r\nProcess Information:\r\n\tProcess ID:\t0x2030\r\n\tProcess Name:\tC:\\Windows\\WinSxS\\amd64_microsoft-windows-servicingstack_31bf3856ad364e35_10.0.26100.8035_none_a54f1c79772e807e\\TiWorker.exe\r\n\r\nAuditing Settings:\r\n\tOriginal Security Descriptor:\t\r\n\tNew Security Descriptor:\t\tS:ARAI(AU;SAFA;0x1f0116;;;WD)", "host": "WINDOWS-PC", "username": "PAULLYDD$", "target_user": "PAULLYDD$"}
{"timestamp": "3/12/2026 10:02:53 AM", "event_id": 4907, "message": "Auditing settings on object were changed.\r\n\r\nSubject:\r\n\tSecurity ID:\t\tS-1-5-18\r\n\tAccount Name:\t\tPAULLYDD$\r\n\tAccount Domain:\t\tWORKGROUP\r\n\tLogon ID:\t\t0x3E7\r\n\r\nObject:\r\n\tObject Server:\tSecurity\r\n\tObject Type:\tFile\r\n\tObject Name:\tC:\\Windows\\servicing\\Packages\\Microsoft-Windows-MultiPoint-Connector-Package~31bf3856ad364e35~amd64~~10.0.26100.8036.cat\r\n\tHandle ID:\t0x29b08\r\n\r\nProcess Information:\r\n\tProcess ID:\t0x2030\r\n\tProcess Name:\tC:\\Windows\\WinSxS\\amd64_microsoft-windows-servicingstack_31bf3856ad364e35_10.0.26100.8035_none_a54f1c79772e807e\\TiWorker.exe\r\n\r\nAuditing Settings:\r\n\tOriginal Security Descriptor:\t\r\n\tNew Security Descriptor:\t\tS:ARAI(AU;SAFA;0x1f0116;;;WD)", "host": "WINDOWS-PC", "username": "PAULLYDD$", "target_user": "PAULLYDD$"}
{"timestamp": "3/12/2026 10:02:53 AM", "event_id": 4907, "message": "Auditing settings on object were changed.\r\n\r\nSubject:\r\n\tSecurity ID:\t\tS-1-5-18\r\n\tAccount Name:\t\tPAULLYDD$\r\n\tAccount Domain:\t\tWORKGROUP\r\n\tLogon ID:\t\t0x3E7\r\n\r\nObject:\r\n\tObject Server:\tSecurity\r\n\tObject Type:\tFile\r\n\tObject Name:\tC:\\Windows\\servicing\\Packages\\Microsoft-Windows-GroupPolicy-ClientTools-merged-Package~31bf3856ad364e35~amd64~~10.0.26100.8036.mum\r\n\tHandle ID:\t0x647c\r\n\r\nProcess Information:\r\n\tProcess ID:\t0x2030\r\n\tProcess Name:\tC:\\Windows\\WinSxS\\amd64_microsoft-windows-servicingstack_31bf3856ad364e35_10.0.26100.8035_none_a54f1c79772e807e\\TiWorker.exe\r\n\r\nAuditing Settings:\r\n\tOriginal Security Descriptor:\t\r\n\tNew Security Descriptor:\t\tS:ARAI(AU;SAFA;0x1f0116;;;WD)", "host": "WINDOWS-PC", "username": "PAULLYDD$", "target_user": "PAULLYDD$"}
{"timestamp": "3/12/2026 10:02:53 AM", "event_id": 4907, "message": "Auditing settings on object were changed.\r\n\r\nSubject:\r\n\tSecurity ID:\t\tS-1-5-18\r\n\tAccount Name:\t\tPAULLYDD$\r\n\tAccount Domain:\t\tWORKGROUP\r\n\tLogon ID:\t\t0x3E7\r\n\r\nObject:\r\n\tObject Server:\tSecurity\r\n\tObject Type:\tFile\r\n\tObject Name:\tC:\\Windows\\servicing\\Packages\\Microsoft-Windows-GroupPolicy-ClientTools-merged-Package~31bf3856ad364e35~amd64~~10.0.26100.8036.cat\r\n\tHandle ID:\t0x647c\r\n\r\nProcess Information:\r\n\tProcess ID:\t0x2030\r\n\tProcess Name:\tC:\\Windows\\WinSxS\\amd64_microsoft-windows-servicingstack_31bf3856ad364e35_10.0.26100.8035_none_a54f1c79772e807e\\TiWorker.exe\r\n\r\nAuditing Settings:\r\n\tOriginal Security Descriptor:\t\r\n\tNew Security Descriptor:\t\tS:ARAI(AU;SAFA;0x1f0116;;;WD)", "host": "WINDOWS-PC", "username": "PAULLYDD$", "target_user": "PAULLYDD$"}
{"timestamp": "3/12/2026 10:02:53 AM", "event_id": 4907, "message": "Auditing settings on object were changed.\r\n\r\nSubject:\r\n\tSecurity ID:\t\tS-1-5-18\r\n\tAccount Name:\t\tPAULLYDD$\r\n\tAccount Domain:\t\tWORKGROUP\r\n\tLogon ID:\t\t0x3E7\r\n\r\nObject:\r\n\tObject Server:\tSecurity\r\n\tObject Type:\tFile\r\n\tObject Name:\tC:\\Windows\\servicing\\Packages\\Microsoft-Windows-GroupPolicy-ClientTools-Package~31bf3856ad364e35~amd64~~10.0.26100.8036.mum\r\n\tHandle ID:\t0xc70\r\n\r\nProcess Information:\r\n\tProcess ID:\t0x2030\r\n\tProcess Name:\tC:\\Windows\\WinSxS\\amd64_microsoft-windows-servicingstack_31bf3856ad364e35_10.0.26100.8035_none_a54f1c79772e807e\\TiWorker.exe\r\n\r\nAuditing Settings:\r\n\tOriginal Security Descriptor:\t\r\n\tNew Security Descriptor:\t\tS:ARAI(AU;SAFA;0x1f0116;;;WD)", "host": "WINDOWS-PC", "username": "PAULLYDD$", "target_user": "PAULLYDD$"}
{"timestamp": "3/12/2026 10:02:53 AM", "event_id": 4907, "message": "Auditing settings on object were changed.\r\n\r\nSubject:\r\n\tSecurity ID:\t\tS-1-5-18\r\n\tAccount Name:\t\tPAULLYDD$\r\n\tAccount Domain:\t\tWORKGROUP\r\n\tLogon ID:\t\t0x3E7\r\n\r\nObject:\r\n\tObject Server:\tSecurity\r\n\tObject Type:\tFile\r\n\tObject Name:\tC:\\Windows\\servicing\\Packages\\Microsoft-Windows-GroupPolicy-ClientTools-Package~31bf3856ad364e35~amd64~~10.0.26100.8036.cat\r\n\tHandle ID:\t0xc70\r\n\r\nProcess Information:\r\n\tProcess ID:\t0x2030\r\n\tProcess Name:\tC:\\Windows\\WinSxS\\amd64_microsoft-windows-servicingstack_31bf3856ad364e35_10.0.26100.8035_none_a54f1c79772e807e\\TiWorker.exe\r\n\r\nAuditing Settings:\r\n\tOriginal Security Descriptor:\t\r\n\tNew Security Descriptor:\t\tS:ARAI(AU;SAFA;0x1f0116;;;WD)", "host": "WINDOWS-PC", "username": "PAULLYDD$", "target_user": "PAULLYDD$"}
{"timestamp": "3/12/2026 10:02:53 AM", "event_id": 4907, "message": "Auditing settings on object were changed.\r\n\r\nSubject:\r\n\tSecurity ID:\t\tS-1-5-18\r\n\tAccount Name:\t\tPAULLYDD$\r\n\tAccount Domain:\t\tWORKGROUP\r\n\tLogon ID:\t\t0x3E7\r\n\r\nObject:\r\n\tObject Server:\tSecurity\r\n\tObject Type:\tFile\r\n\tObject Name:\tC:\\Windows\\servicing\\Packages\\Microsoft-Windows-Enterprise-Desktop-Shared-Package~31bf3856ad364e35~amd64~~10.0.26100.8036.mum\r\n\tHandle ID:\t0xf48\r\n\r\nProcess Information:\r\n\tProcess ID:\t0x2030\r\n\tProcess Name:\tC:\\Windows\\WinSxS\\amd64_microsoft-windows-servicingstack_31bf3856ad364e35_10.0.26100.8035_none_a54f1c79772e807e\\TiWorker.exe\r\n\r\nAuditing Settings:\r\n\tOriginal Security Descriptor:\t\r\n\tNew Security Descriptor:\t\tS:ARAI(AU;SAFA;0x1f0116;;;WD)", "host": "WINDOWS-PC", "username": "PAULLYDD$", "target_user": "PAULLYDD$"}
{"timestamp": "3/12/2026 10:02:53 AM", "event_id": 4907, "message": "Auditing settings on object were changed.\r\n\r\nSubject:\r\n\tSecurity ID:\t\tS-1-5-18\r\n\tAccount Name:\t\tPAULLYDD$\r\n\tAccount Domain:\t\tWORKGROUP\r\n\tLogon ID:\t\t0x3E7\r\n\r\nObject:\r\n\tObject Server:\tSecurity\r\n\tObject Type:\tFile\r\n\tObject Name:\tC:\\Windows\\servicing\\Packages\\Microsoft-Windows-Enterprise-Desktop-Shared-Package~31bf3856ad364e35~amd64~~10.0.26100.8036.cat\r\n\tHandle ID:\t0xf48\r\n\r\nProcess Information:\r\n\tProcess ID:\t0x2030\r\n\tProcess Name:\tC:\\Windows\\WinSxS\\amd64_microsoft-windows-servicingstack_31bf3856ad364e35_10.0.26100.8035_none_a54f1c79772e807e\\TiWorker.exe\r\n\r\nAuditing Settings:\r\n\tOriginal Security Descriptor:\t\r\n\tNew Security Descriptor:\t\tS:ARAI(AU;SAFA;0x1f0116;;;WD)", "host": "WINDOWS-PC", "username": "PAULLYDD$", "target_user": "PAULLYDD$"}
{"timestamp": "3/12/2026 10:02:53 AM", "event_id": 4907, "message": "Auditing settings on object were changed.\r\n\r\nSubject:\r\n\tSecurity ID:\t\tS-1-5-18\r\n\tAccount Name:\t\tPAULLYDD$\r\n\tAccount Domain:\t\tWORKGROUP\r\n\tLogon ID:\t\t0x3E7\r\n\r\nObject:\r\n\tObject Server:\tSecurity\r\n\tObject Type:\tFile\r\n\tObject Name:\tC:\\Windows\\servicing\\Packages\\Containers-Server-Package~31bf3856ad364e35~amd64~~10.0.26100.8036.mum\r\n\tHandle ID:\t0x12e0\r\n\r\nProcess Information:\r\n\tProcess ID:\t0x2030\r\n\tProcess Name:\tC:\\Windows\\WinSxS\\amd64_microsoft-windows-servicingstack_31bf3856ad364e35_10.0.26100.8035_none_a54f1c79772e807e\\TiWorker.exe\r\n\r\nAuditing Settings:\r\n\tOriginal Security Descriptor:\t\r\n\tNew Security Descriptor:\t\tS:ARAI(AU;SAFA;0x1f0116;;;WD)", "host": "WINDOWS-PC", "username": "PAULLYDD$", "target_user": "PAULLYDD$"}
{"timestamp": "3/12/2026 10:02:53 AM", "event_id": 4907, "message": "Auditing settings on object were changed.\r\n\r\nSubject:\r\n\tSecurity ID:\t\tS-1-5-18\r\n\tAccount Name:\t\tPAULLYDD$\r\n\tAccount Domain:\t\tWORKGROUP\r\n\tLogon ID:\t\t0x3E7\r\n\r\nObject:\r\n\tObject Server:\tSecurity\r\n\tObject Type:\tFile\r\n\tObject Name:\tC:\\Windows\\servicing\\Packages\\Containers-Server-Package~31bf3856ad364e35~amd64~~10.0.26100.8036.cat\r\n\tHandle ID:\t0x12e0\r\n\r\nProcess Information:\r\n\tProcess ID:\t0x2030\r\n\tProcess Name:\tC:\\Windows\\WinSxS\\amd64_microsoft-windows-servicingstack_31bf3856ad364e35_10.0.26100.8035_none_a54f1c79772e807e\\TiWorker.exe\r\n\r\nAuditing Settings:\r\n\tOriginal Security Descriptor:\t\r\n\tNew Security Descriptor:\t\tS:ARAI(AU;SAFA;0x1f0116;;;WD)", "host": "WINDOWS-PC", "username": "PAULLYDD$", "target_user": "PAULLYDD$"}
{"timestamp": "3/12/2026 10:02:53 AM", "event_id": 4907, "message": "Auditing settings on object were changed.\r\n\r\nSubject:\r\n\tSecurity ID:\t\tS-1-5-18\r\n\tAccount Name:\t\tPAULLYDD$\r\n\tAccount Domain:\t\tWORKGROUP\r\n\tLogon ID:\t\t0x3E7\r\n\r\nObject:\r\n\tObject Server:\tSecurity\r\n\tObject Type:\tFile\r\n\tObject Name:\tC:\\Windows\\servicing\\Packages\\Microsoft-Windows-OneCore-Containers-Client-Opt-Package~31bf3856ad364e35~amd64~~10.0.26100.8036.mum\r\n\tHandle ID:\t0x554\r\n\r\nProcess Information:\r\n\tProcess ID:\t0x2030\r\n\tProcess Name:\tC:\\Windows\\WinSxS\\amd64_microsoft-windows-servicingstack_31bf3856ad364e35_10.0.26100.8035_none_a54f1c79772e807e\\TiWorker.exe\r\n\r\nAuditing Settings:\r\n\tOriginal Security Descriptor:\t\r\n\tNew Security Descriptor:\t\tS:ARAI(AU;SAFA;0x1f0116;;;WD)", "host": "WINDOWS-PC", "username": "PAULLYDD$", "target_user": "PAULLYDD$"}
{"timestamp": "3/12/2026 10:02:53 AM", "event_id": 4907, "message": "Auditing settings on object were changed.\r\n\r\nSubject:\r\n\tSecurity ID:\t\tS-1-5-18\r\n\tAccount Name:\t\tPAULLYDD$\r\n\tAccount Domain:\t\tWORKGROUP\r\n\tLogon ID:\t\t0x3E7\r\n\r\nObject:\r\n\tObject Server:\tSecurity\r\n\tObject Type:\tFile\r\n\tObject Name:\tC:\\Windows\\servicing\\Packages\\Microsoft-Windows-OneCore-Containers-Client-Opt-Package~31bf3856ad364e35~amd64~~10.0.26100.8036.cat\r\n\tHandle ID:\t0x554\r\n\r\nProcess Information:\r\n\tProcess ID:\t0x2030\r\n\tProcess Name:\tC:\\Windows\\WinSxS\\amd64_microsoft-windows-servicingstack_31bf3856ad364e35_10.0.26100.8035_none_a54f1c79772e807e\\TiWorker.exe\r\n\r\nAuditing Settings:\r\n\tOriginal Security Descriptor:\t\r\n\tNew Security Descriptor:\t\tS:ARAI(AU;SAFA;0x1f0116;;;WD)", "host": "WINDOWS-PC", "username": "PAULLYDD$", "target_user": "PAULLYDD$"}
{"timestamp": "3/12/2026 10:02:53 AM", "event_id": 4907, "message": "Auditing settings on object were changed.\r\n\r\nSubject:\r\n\tSecurity ID:\t\tS-1-5-18\r\n\tAccount Name:\t\tPAULLYDD$\r\n\tAccount Domain:\t\tWORKGROUP\r\n\tLogon ID:\t\t0x3E7\r\n\r\nObject:\r\n\tObject Server:\tSecurity\r\n\tObject Type:\tFile\r\n\tObject Name:\tC:\\Windows\\servicing\\Packages\\Containers-Guest-Gated-Package~31bf3856ad364e35~amd64~~10.0.26100.8036.mum\r\n\tHandle ID:\t0x13a4\r\n\r\nProcess Information:\r\n\tProcess ID:\t0x2030\r\n\tProcess Name:\tC:\\Windows\\WinSxS\\amd64_microsoft-windows-servicingstack_31bf3856ad364e35_10.0.26100.8035_none_a54f1c79772e807e\\TiWorker.exe\r\n\r\nAuditing Settings:\r\n\tOriginal Security Descriptor:\t\r\n\tNew Security Descriptor:\t\tS:ARAI(AU;SAFA;0x1f0116;;;WD)", "host": "WINDOWS-PC", "username": "PAULLYDD$", "target_user": "PAULLYDD$"}
{"timestamp": "3/12/2026 10:02:53 AM", "event_id": 4907, "message": "Auditing settings on object were changed.\r\n\r\nSubject:\r\n\tSecurity ID:\t\tS-1-5-18\r\n\tAccount Name:\t\tPAULLYDD$\r\n\tAccount Domain:\t\tWORKGROUP\r\n\tLogon ID:\t\t0x3E7\r\n\r\nObject:\r\n\tObject Server:\tSecurity\r\n\tObject Type:\tFile\r\n\tObject Name:\tC:\\Windows\\servicing\\Packages\\Containers-Guest-Gated-Package~31bf3856ad364e35~amd64~~10.0.26100.8036.cat\r\n\tHandle ID:\t0x13a4\r\n\r\nProcess Information:\r\n\tProcess ID:\t0x2030\r\n\tProcess Name:\tC:\\Windows\\WinSxS\\amd64_microsoft-windows-servicingstack_31bf3856ad364e35_10.0.26100.8035_none_a54f1c79772e807e\\TiWorker.exe\r\n\r\nAuditing Settings:\r\n\tOriginal Security Descriptor:\t\r\n\tNew Security Descriptor:\t\tS:ARAI(AU;SAFA;0x1f0116;;;WD)", "host": "WINDOWS-PC", "username": "PAULLYDD$", "target_user": "PAULLYDD$"}
{"timestamp": "3/12/2026 10:02:53 AM", "event_id": 4907, "message": "Auditing settings on object were changed.\r\n\r\nSubject:\r\n\tSecurity ID:\t\tS-1-5-18\r\n\tAccount Name:\t\tPAULLYDD$\r\n\tAccount Domain:\t\tWORKGROUP\r\n\tLogon ID:\t\t0x3E7\r\n\r\nObject:\r\n\tObject Server:\tSecurity\r\n\tObject Type:\tFile\r\n\tObject Name:\tC:\\Windows\\servicing\\Packages\\Containers-ApplicationGuard-Package~31bf3856ad364e35~amd64~~10.0.26100.8037.mum\r\n\tHandle ID:\t0x12968\r\n\r\nProcess Information:\r\n\tProcess ID:\t0x2030\r\n\tProcess Name:\tC:\\Windows\\WinSxS\\amd64_microsoft-windows-servicingstack_31bf3856ad364e35_10.0.26100.8035_none_a54f1c79772e807e\\TiWorker.exe\r\n\r\nAuditing Settings:\r\n\tOriginal Security Descriptor:\t\r\n\tNew Security Descriptor:\t\tS:ARAI(AU;SAFA;0x1f0116;;;WD)", "host": "WINDOWS-PC", "username": "PAULLYDD$", "target_user": "PAULLYDD$"}
{"timestamp": "3/12/2026 10:02:53 AM", "event_id": 4907, "message": "Auditing settings on object were changed.\r\n\r\nSubject:\r\n\tSecurity ID:\t\tS-1-5-18\r\n\tAccount Name:\t\tPAULLYDD$\r\n\tAccount Domain:\t\tWORKGROUP\r\n\tLogon ID:\t\t0x3E7\r\n\r\nObject:\r\n\tObject Server:\tSecurity\r\n\tObject Type:\tFile\r\n\tObject Name:\tC:\\Windows\\servicing\\Packages\\Containers-ApplicationGuard-Package~31bf3856ad364e35~amd64~~10.0.26100.8037.cat\r\n\tHandle ID:\t0x12968\r\n\r\nProcess Information:\r\n\tProcess ID:\t0x2030\r\n\tProcess Name:\tC:\\Windows\\WinSxS\\amd64_microsoft-windows-servicingstack_31bf3856ad364e35_10.0.26100.8035_none_a54f1c79772e807e\\TiWorker.exe\r\n\r\nAuditing Settings:\r\n\tOriginal Security Descriptor:\t\r\n\tNew Security Descriptor:\t\tS:ARAI(AU;SAFA;0x1f0116;;;WD)", "host": "WINDOWS-PC", "username": "PAULLYDD$", "target_user": "PAULLYDD$"}
{"timestamp": "3/12/2026 10:02:53 AM", "event_id": 4907, "message": "Auditing settings on object were changed.\r\n\r\nSubject:\r\n\tSecurity ID:\t\tS-1-5-18\r\n\tAccount Name:\t\tPAULLYDD$\r\n\tAccount Domain:\t\tWORKGROUP\r\n\tLogon ID:\t\t0x3E7\r\n\r\nObject:\r\n\tObject Server:\tSecurity\r\n\tObject Type:\tFile\r\n\tObject Name:\tC:\\Windows\\servicing\\Packages\\Microsoft-Windows-HVSI-Package~31bf3856ad364e35~amd64~~10.0.26100.8037.mum\r\n\tHandle ID:\t0x27104\r\n\r\nProcess Information:\r\n\tProcess ID:\t0x2030\r\n\tProcess Name:\tC:\\Windows\\WinSxS\\amd64_microsoft-windows-servicingstack_31bf3856ad364e35_10.0.26100.8035_none_a54f1c79772e807e\\TiWorker.exe\r\n\r\nAuditing Settings:\r\n\tOriginal Security Descriptor:\t\r\n\tNew Security Descriptor:\t\tS:ARAI(AU;SAFA;0x1f0116;;;WD)", "host": "WINDOWS-PC", "username": "PAULLYDD$", "target_user": "PAULLYDD$"}
{"timestamp": "3/12/2026 10:02:53 AM", "event_id": 4907, "message": "Auditing settings on object were changed.\r\n\r\nSubject:\r\n\tSecurity ID:\t\tS-1-5-18\r\n\tAccount Name:\t\tPAULLYDD$\r\n\tAccount Domain:\t\tWORKGROUP\r\n\tLogon ID:\t\t0x3E7\r\n\r\nObject:\r\n\tObject Server:\tSecurity\r\n\tObject Type:\tFile\r\n\tObject Name:\tC:\\Windows\\servicing\\Packages\\Microsoft-Windows-HVSI-Package~31bf3856ad364e35~amd64~~10.0.26100.8037.cat\r\n\tHandle ID:\t0x27104\r\n\r\nProcess Information:\r\n\tProcess ID:\t0x2030\r\n\tProcess Name:\tC:\\Windows\\WinSxS\\amd64_microsoft-windows-servicingstack_31bf3856ad364e35_10.0.26100.8035_none_a54f1c79772e807e\\TiWorker.exe\r\n\r\nAuditing Settings:\r\n\tOriginal Security Descriptor:\t\r\n\tNew Security Descriptor:\t\tS:ARAI(AU;SAFA;0x1f0116;;;WD)", "host": "WINDOWS-PC", "username": "PAULLYDD$", "target_user": "PAULLYDD$"}
{"timestamp": "3/12/2026 10:02:53 AM", "event_id": 4907, "message": "Auditing settings on object were changed.\r\n\r\nSubject:\r\n\tSecurity ID:\t\tS-1-5-18\r\n\tAccount Name:\t\tPAULLYDD$\r\n\tAccount Domain:\t\tWORKGROUP\r\n\tLogon ID:\t\t0x3E7\r\n\r\nObject:\r\n\tObject Server:\tSecurity\r\n\tObject Type:\tFile\r\n\tObject Name:\tC:\\Windows\\servicing\\Packages\\Microsoft-UtilityVM-Containers-Package~31bf3856ad364e35~amd64~~10.0.26100.8036.mum\r\n\tHandle ID:\t0xf48\r\n\r\nProcess Information:\r\n\tProcess ID:\t0x2030\r\n\tProcess Name:\tC:\\Windows\\WinSxS\\amd64_microsoft-windows-servicingstack_31bf3856ad364e35_10.0.26100.8035_none_a54f1c79772e807e\\TiWorker.exe\r\n\r\nAuditing Settings:\r\n\tOriginal Security Descriptor:\t\r\n\tNew Security Descriptor:\t\tS:ARAI(AU;SAFA;0x1f0116;;;WD)", "host": "WINDOWS-PC", "username": "PAULLYDD$", "target_user": "PAULLYDD$"}
{"timestamp": "3/12/2026 10:02:53 AM", "event_id": 4907, "message": "Auditing settings on object were changed.\r\n\r\nSubject:\r\n\tSecurity ID:\t\tS-1-5-18\r\n\tAccount Name:\t\tPAULLYDD$\r\n\tAccount Domain:\t\tWORKGROUP\r\n\tLogon ID:\t\t0x3E7\r\n\r\nObject:\r\n\tObject Server:\tSecurity\r\n\tObject Type:\tFile\r\n\tObject Name:\tC:\\Windows\\servicing\\Packages\\Microsoft-UtilityVM-Containers-Package~31bf3856ad364e35~amd64~~10.0.26100.8036.cat\r\n\tHandle ID:\t0xf48\r\n\r\nProcess Information:\r\n\tProcess ID:\t0x2030\r\n\tProcess Name:\tC:\\Windows\\WinSxS\\amd64_microsoft-windows-servicingstack_31bf3856ad364e35_10.0.26100.8035_none_a54f1c79772e807e\\TiWorker.exe\r\n\r\nAuditing Settings:\r\n\tOriginal Security Descriptor:\t\r\n\tNew Security Descriptor:\t\tS:ARAI(AU;SAFA;0x1f0116;;;WD)", "host": "WINDOWS-PC", "username": "PAULLYDD$", "target_user": "PAULLYDD$"}
{"timestamp": "3/12/2026 10:02:53 AM", "event_id": 4907, "message": "Auditing settings on object were changed.\r\n\r\nSubject:\r\n\tSecurity ID:\t\tS-1-5-18\r\n\tAccount Name:\t\tPAULLYDD$\r\n\tAccount Domain:\t\tWORKGROUP\r\n\tLogon ID:\t\t0x3E7\r\n\r\nObject:\r\n\tObject Server:\tSecurity\r\n\tObject Type:\tFile\r\n\tObject Name:\tC:\\Windows\\servicing\\Packages\\Containers-Client-Guest-Package~31bf3856ad364e35~amd64~~10.0.26100.8036.mum\r\n\tHandle ID:\t0x13a4\r\n\r\nProcess Information:\r\n\tProcess ID:\t0x2030\r\n\tProcess Name:\tC:\\Windows\\WinSxS\\amd64_microsoft-windows-servicingstack_31bf3856ad364e35_10.0.26100.8035_none_a54f1c79772e807e\\TiWorker.exe\r\n\r\nAuditing Settings:\r\n\tOriginal Security Descriptor:\t\r\n\tNew Security Descriptor:\t\tS:ARAI(AU;SAFA;0x1f0116;;;WD)", "host": "WINDOWS-PC", "username": "PAULLYDD$", "target_user": "PAULLYDD$"}
{"timestamp": "3/12/2026 10:02:53 AM", "event_id": 4907, "message": "Auditing settings on object were changed.\r\n\r\nSubject:\r\n\tSecurity ID:\t\tS-1-5-18\r\n\tAccount Name:\t\tPAULLYDD$\r\n\tAccount Domain:\t\tWORKGROUP\r\n\tLogon ID:\t\t0x3E7\r\n\r\nObject:\r\n\tObject Server:\tSecurity\r\n\tObject Type:\tFile\r\n\tObject Name:\tC:\\Windows\\servicing\\Packages\\Containers-Client-Guest-Package~31bf3856ad364e35~amd64~~10.0.26100.8036.cat\r\n\tHandle ID:\t0x13a4\r\n\r\nProcess Information:\r\n\tProcess ID:\t0x2030\r\n\tProcess Name:\tC:\\Windows\\WinSxS\\amd64_microsoft-windows-servicingstack_31bf3856ad364e35_10.0.26100.8035_none_a54f1c79772e807e\\TiWorker.exe\r\n\r\nAuditing Settings:\r\n\tOriginal Security Descriptor:\t\r\n\tNew Security Descriptor:\t\tS:ARAI(AU;SAFA;0x1f0116;;;WD)", "host": "WINDOWS-PC", "username": "PAULLYDD$", "target_user": "PAULLYDD$"}
{"timestamp": "3/12/2026 10:02:53 AM", "event_id": 4907, "message": "Auditing settings on object were changed.\r\n\r\nSubject:\r\n\tSecurity ID:\t\tS-1-5-18\r\n\tAccount Name:\t\tPAULLYDD$\r\n\tAccount Domain:\t\tWORKGROUP\r\n\tLogon ID:\t\t0x3E7\r\n\r\nObject:\r\n\tObject Server:\tSecurity\r\n\tObject Type:\tFile\r\n\tObject Name:\tC:\\Windows\\servicing\\Packages\\Microsoft-Windows-Container-Professional-Payload-Wrapper-Package~31bf3856ad364e35~amd64~~10.0.26100.8036.mum\r\n\tHandle ID:\t0x1ae00\r\n\r\nProcess Information:\r\n\tProcess ID:\t0x2030\r\n\tProcess Name:\tC:\\Windows\\WinSxS\\amd64_microsoft-windows-servicingstack_31bf3856ad364e35_10.0.26100.8035_none_a54f1c79772e807e\\TiWorker.exe\r\n\r\nAuditing Settings:\r\n\tOriginal Security Descriptor:\t\r\n\tNew Security Descriptor:\t\tS:ARAI(AU;SAFA;0x1f0116;;;WD)", "host": "WINDOWS-PC", "username": "PAULLYDD$", "target_user": "PAULLYDD$"}
{"timestamp": "3/12/2026 10:02:53 AM", "event_id": 4907, "message": "Auditing settings on object were changed.\r\n\r\nSubject:\r\n\tSecurity ID:\t\tS-1-5-18\r\n\tAccount Name:\t\tPAULLYDD$\r\n\tAccount Domain:\t\tWORKGROUP\r\n\tLogon ID:\t\t0x3E7\r\n\r\nObject:\r\n\tObject Server:\tSecurity\r\n\tObject Type:\tFile\r\n\tObject Name:\tC:\\Windows\\servicing\\Packages\\Microsoft-Windows-Container-Professional-Payload-Wrapper-Package~31bf3856ad364e35~amd64~~10.0.26100.8036.cat\r\n\tHandle ID:\t0x1ae00\r\n\r\nProcess Information:\r\n\tProcess ID:\t0x2030\r\n\tProcess Name:\tC:\\Windows\\WinSxS\\amd64_microsoft-windows-servicingstack_31bf3856ad364e35_10.0.26100.8035_none_a54f1c79772e807e\\TiWorker.exe\r\n\r\nAuditing Settings:\r\n\tOriginal Security Descriptor:\t\r\n\tNew Security Descriptor:\t\tS:ARAI(AU;SAFA;0x1f0116;;;WD)", "host": "WINDOWS-PC", "username": "PAULLYDD$", "target_user": "PAULLYDD$"}
{"timestamp": "3/12/2026 10:02:53 AM", "event_id": 4907, "message": "Auditing settings on object were changed.\r\n\r\nSubject:\r\n\tSecurity ID:\t\tS-1-5-18\r\n\tAccount Name:\t\tPAULLYDD$\r\n\tAccount Domain:\t\tWORKGROUP\r\n\tLogon ID:\t\t0x3E7\r\n\r\nObject:\r\n\tObject Server:\tSecurity\r\n\tObject Type:\tFile\r\n\tObject Name:\tC:\\Windows\\servicing\\Packages\\Microsoft-Windows-Container-Professional-Metadata-Wrapper-Package~31bf3856ad364e35~amd64~~10.0.26100.8037.mum\r\n\tHandle ID:\t0x1ae00\r\n\r\nProcess Information:\r\n\tProcess ID:\t0x2030\r\n\tProcess Name:\tC:\\Windows\\WinSxS\\amd64_microsoft-windows-servicingstack_31bf3856ad364e35_10.0.26100.8035_none_a54f1c79772e807e\\TiWorker.exe\r\n\r\nAuditing Settings:\r\n\tOriginal Security Descriptor:\t\r\n\tNew Security Descriptor:\t\tS:ARAI(AU;SAFA;0x1f0116;;;WD)", "host": "WINDOWS-PC", "username": "PAULLYDD$", "target_user": "PAULLYDD$"}
{"timestamp": "3/12/2026 10:02:53 AM", "event_id": 4907, "message": "Auditing settings on object were changed.\r\n\r\nSubject:\r\n\tSecurity ID:\t\tS-1-5-18\r\n\tAccount Name:\t\tPAULLYDD$\r\n\tAccount Domain:\t\tWORKGROUP\r\n\tLogon ID:\t\t0x3E7\r\n\r\nObject:\r\n\tObject Server:\tSecurity\r\n\tObject Type:\tFile\r\n\tObject Name:\tC:\\Windows\\servicing\\Packages\\Microsoft-Windows-Container-Professional-Metadata-Wrapper-Package~31bf3856ad364e35~amd64~~10.0.26100.8037.cat\r\n\tHandle ID:\t0xa44\r\n\r\nProcess Information:\r\n\tProcess ID:\t0x2030\r\n\tProcess Name:\tC:\\Windows\\WinSxS\\amd64_microsoft-windows-servicingstack_31bf3856ad364e35_10.0.26100.8035_none_a54f1c79772e807e\\TiWorker.exe\r\n\r\nAuditing Settings:\r\n\tOriginal Security Descriptor:\t\r\n\tNew Security Descriptor:\t\tS:ARAI(AU;SAFA;0x1f0116;;;WD)", "host": "WINDOWS-PC", "username": "PAULLYDD$", "target_user": "PAULLYDD$"}
{"timestamp": "3/12/2026 10:02:53 AM", "event_id": 4907, "message": "Auditing settings on object were changed.\r\n\r\nSubject:\r\n\tSecurity ID:\t\tS-1-5-18\r\n\tAccount Name:\t\tPAULLYDD$\r\n\tAccount Domain:\t\tWORKGROUP\r\n\tLogon ID:\t\t0x3E7\r\n\r\nObject:\r\n\tObject Server:\tSecurity\r\n\tObject Type:\tFile\r\n\tObject Name:\tC:\\Windows\\servicing\\Packages\\Containers-DisposableClientVM-Package~31bf3856ad364e35~amd64~~10.0.26100.8037.mum\r\n\tHandle ID:\t0xa44\r\n\r\nProcess Information:\r\n\tProcess ID:\t0x2030\r\n\tProcess Name:\tC:\\Windows\\WinSxS\\amd64_microsoft-windows-servicingstack_31bf3856ad364e35_10.0.26100.8035_none_a54f1c79772e807e\\TiWorker.exe\r\n\r\nAuditing Settings:\r\n\tOriginal Security Descriptor:\t\r\n\tNew Security Descriptor:\t\tS:ARAI(AU;SAFA;0x1f0116;;;WD)", "host": "WINDOWS-PC", "username": "PAULLYDD$", "target_user": "PAULLYDD$"}
{"timestamp": "3/12/2026 10:02:53 AM", "event_id": 4907, "message": "Auditing settings on object were changed.\r\n\r\nSubject:\r\n\tSecurity ID:\t\tS-1-5-18\r\n\tAccount Name:\t\tPAULLYDD$\r\n\tAccount Domain:\t\tWORKGROUP\r\n\tLogon ID:\t\t0x3E7\r\n\r\nObject:\r\n\tObject Server:\tSecurity\r\n\tObject Type:\tFile\r\n\tObject Name:\tC:\\Windows\\servicing\\Packages\\Containers-DisposableClientVM-Package~31bf3856ad364e35~amd64~~10.0.26100.8037.cat\r\n\tHandle ID:\t0xa44\r\n\r\nProcess Information:\r\n\tProcess ID:\t0x2030\r\n\tProcess Name:\tC:\\Windows\\WinSxS\\amd64_microsoft-windows-servicingstack_31bf3856ad364e35_10.0.26100.8035_none_a54f1c79772e807e\\TiWorker.exe\r\n\r\nAuditing Settings:\r\n\tOriginal Security Descriptor:\t\r\n\tNew Security Descriptor:\t\tS:ARAI(AU;SAFA;0x1f0116;;;WD)", "host": "WINDOWS-PC", "username": "PAULLYDD$", "target_user": "PAULLYDD$"}
{"timestamp": "3/12/2026 10:02:53 AM", "event_id": 4907, "message": "Auditing settings on object were changed.\r\n\r\nSubject:\r\n\tSecurity ID:\t\tS-1-5-18\r\n\tAccount Name:\t\tPAULLYDD$\r\n\tAccount Domain:\t\tWORKGROUP\r\n\tLogon ID:\t\t0x3E7\r\n\r\nObject:\r\n\tObject Server:\tSecurity\r\n\tObject Type:\tFile\r\n\tObject Name:\tC:\\Windows\\servicing\\Packages\\Microsoft-Windows-Containers-OptionalFeatures-Package~31bf3856ad364e35~amd64~~10.0.26100.8037.mum\r\n\tHandle ID:\t0x29944\r\n\r\nProcess Information:\r\n\tProcess ID:\t0x2030\r\n\tProcess Name:\tC:\\Windows\\WinSxS\\amd64_microsoft-windows-servicingstack_31bf3856ad364e35_10.0.26100.8035_none_a54f1c79772e807e\\TiWorker.exe\r\n\r\nAuditing Settings:\r\n\tOriginal Security Descriptor:\t\r\n\tNew Security Descriptor:\t\tS:ARAI(AU;SAFA;0x1f0116;;;WD)", "host": "WINDOWS-PC", "username": "PAULLYDD$", "target_user": "PAULLYDD$"}
{"timestamp": "3/12/2026 10:02:53 AM", "event_id": 4907, "message": "Auditing settings on object were changed.\r\n\r\nSubject:\r\n\tSecurity ID:\t\tS-1-5-18\r\n\tAccount Name:\t\tPAULLYDD$\r\n\tAccount Domain:\t\tWORKGROUP\r\n\tLogon ID:\t\t0x3E7\r\n\r\nObject:\r\n\tObject Server:\tSecurity\r\n\tObject Type:\tFile\r\n\tObject Name:\tC:\\Windows\\servicing\\Packages\\Microsoft-Windows-Containers-OptionalFeatures-Package~31bf3856ad364e35~amd64~~10.0.26100.8037.cat\r\n\tHandle ID:\t0x1040\r\n\r\nProcess Information:\r\n\tProcess ID:\t0x2030\r\n\tProcess Name:\tC:\\Windows\\WinSxS\\amd64_microsoft-windows-servicingstack_31bf3856ad364e35_10.0.26100.8035_none_a54f1c79772e807e\\TiWorker.exe\r\n\r\nAuditing Settings:\r\n\tOriginal Security Descriptor:\t\r\n\tNew Security Descriptor:\t\tS:ARAI(AU;SAFA;0x1f0116;;;WD)", "host": "WINDOWS-PC", "username": "PAULLYDD$", "target_user": "PAULLYDD$"}
{"timestamp": "3/12/2026 10:02:53 AM", "event_id": 4907, "message": "Auditing settings on object were changed.\r\n\r\nSubject:\r\n\tSecurity ID:\t\tS-1-5-18\r\n\tAccount Name:\t\tPAULLYDD$\r\n\tAccount Domain:\t\tWORKGROUP\r\n\tLogon ID:\t\t0x3E7\r\n\r\nObject:\r\n\tObject Server:\tSecurity\r\n\tObject Type:\tFile\r\n\tObject Name:\tC:\\Windows\\servicing\\Packages\\Microsoft-Windows-AppManagement-AppV-Package~31bf3856ad364e35~amd64~~10.0.26100.8036.mum\r\n\tHandle ID:\t0x1040\r\n\r\nProcess Information:\r\n\tProcess ID:\t0x2030\r\n\tProcess Name:\tC:\\Windows\\WinSxS\\amd64_microsoft-windows-servicingstack_31bf3856ad364e35_10.0.26100.8035_none_a54f1c79772e807e\\TiWorker.exe\r\n\r\nAuditing Settings:\r\n\tOriginal Security Descriptor:\t\r\n\tNew Security Descriptor:\t\tS:ARAI(AU;SAFA;0x1f0116;;;WD)", "host": "WINDOWS-PC", "username": "PAULLYDD$", "target_user": "PAULLYDD$"}
{"timestamp": "3/12/2026 10:02:53 AM", "event_id": 4907, "message": "Auditing settings on object were changed.\r\n\r\nSubject:\r\n\tSecurity ID:\t\tS-1-5-18\r\n\tAccount Name:\t\tPAULLYDD$\r\n\tAccount Domain:\t\tWORKGROUP\r\n\tLogon ID:\t\t0x3E7\r\n\r\nObject:\r\n\tObject Server:\tSecurity\r\n\tObject Type:\tFile\r\n\tObject Name:\tC:\\Windows\\servicing\\Packages\\Microsoft-Windows-AppManagement-AppV-Package~31bf3856ad364e35~amd64~~10.0.26100.8036.cat\r\n\tHandle ID:\t0x1040\r\n\r\nProcess Information:\r\n\tProcess ID:\t0x2030\r\n\tProcess Name:\tC:\\Windows\\WinSxS\\amd64_microsoft-windows-servicingstack_31bf3856ad364e35_10.0.26100.8035_none_a54f1c79772e807e\\TiWorker.exe\r\n\r\nAuditing Settings:\r\n\tOriginal Security Descriptor:\t\r\n\tNew Security Descriptor:\t\tS:ARAI(AU;SAFA;0x1f0116;;;WD)", "host": "WINDOWS-PC", "username": "PAULLYDD$", "target_user": "PAULLYDD$"}
